<?xml version="1.0" encoding="utf-8"?>
<test-run id="2" testcasecount="1" result="Failed(Child)" total="1" passed="0" failed="1" inconclusive="0" skipped="0" asserts="0" engine-version="3.5.0.0" clr-version="4.0.30319.42000" start-time="2026-09-22 14:38:10Z" end-time="2026-09-22 14:43:11Z" duration="301.2126829">
  <test-suite type="TestSuite" id="1007" name="My project" fullname="My project" runstate="Runnable" testcasecount="1" result="Failed" site="Child" start-time="2026-09-22 14:38:10Z" end-time="2026-09-22 14:43:11Z" duration="301.212683" total="1" passed="0" failed="1" inconclusive="0" skipped="0" asserts="0">
    <properties>
      <property name="platform" value="PlayMode" />
    </properties>
    <failure>
      <message><![CDATA[One or more child tests had errors]]></message>
    </failure>
    <test-suite type="Assembly" id="1003" name="Tests.dll" fullname="C:/Users/glongfil/Documents/GitHub/UltraInstinctVR/CodeBase/Library/ScriptAssemblies/Tests.dll" runstate="Runnable" testcasecount="1" result="Failed" site="Child" start-time="2026-09-22 14:38:10Z" end-time="2026-09-22 14:43:11Z" duration="301.202063" total="1" passed="0" failed="1" inconclusive="0" skipped="0" asserts="0">
      <properties>
        <property name="_PID" value="37916" />
        <property name="_APPDOMAIN" value="Unity Child Domain" />
        <property name="platform" value="PlayMode" />
        <property name="EditorOnly" value="False" />
      </properties>
      <failure>
        <message><![CDATA[One or more child tests had errors]]></message>
      </failure>
      <test-suite type="TestFixture" id="1001" name="LaunchTest" fullname="LaunchTest" classname="LaunchTest" runstate="Runnable" testcasecount="1" result="Failed" site="Child" start-time="2026-09-22 14:38:10Z" end-time="2026-09-22 14:43:11Z" duration="301.194355" total="1" passed="0" failed="1" inconclusive="0" skipped="0" asserts="0">
        <properties />
        <failure>
          <message><![CDATA[One or more child tests had errors]]></message>
        </failure>
        <test-case id="1002" name="LaunchTestWithEnumeratorPasses" fullname="LaunchTest.LaunchTestWithEnumeratorPasses" methodname="LaunchTestWithEnumeratorPasses" classname="LaunchTest" runstate="Runnable" seed="468482650" result="Failed" start-time="2026-09-22 14:38:10Z" end-time="2026-09-22 14:43:11Z" duration="300.921403" asserts="0">
          <properties>
            <property name="_JOINTYPE" value="UnityCombinatorial" />
            <property name="retryIteration" value="0" />
            <property name="repeatIteration" value="0" />
          </properties>
          <failure>
            <message><![CDATA[Timeout value of 180000 ms was exceeded. If this is intended, increase the timeout value using a TimeoutAttribute.]]></message>
            <stack-trace><![CDATA[]]></stack-trace>
          </failure>
          <output><![CDATA[
IgnoreFailingMessages:true
UnassignedReferenceException: The variable m_Target of LazyFollow has not been assigned.
You probably need to assign the m_Target variable of the LazyFollow script in the inspector.
UnityEngine.Object+MarshalledUnityObject.TryThrowEditorNullExceptionObject (UnityEngine.Object unityObj, System.String parameterName) (at <b1b6e137fed94ac1a54aeeb4e5f26168>:0)
UnityEngine.Bindings.ThrowHelper.ThrowNullReferenceException (System.Object obj) (at <b1b6e137fed94ac1a54aeeb4e5f26168>:0)
UnityEngine.Transform.get_position () (at <b1b6e137fed94ac1a54aeeb4e5f26168>:0)
UnityEngine.XR.Interaction.Toolkit.UI.LazyFollow.TryGetThresholdTargetRotation (UnityEngine.Quaternion& newTarget) (at ./Library/PackageCache/com.unity.xr.interaction.toolkit@76258c00be3e/Runtime/UI/LazyFollow.cs:503)
UnityEngine.XR.Interaction.Toolkit.UI.LazyFollow.OnEnable () (at ./Library/PackageCache/com.unity.xr.interaction.toolkit@76258c00be3e/Runtime/UI/LazyFollow.cs:384)

UnassignedReferenceException: The variable m_Target of LazyFollow has not been assigned.
You probably need to assign the m_Target variable of the LazyFollow script in the inspector.
UnityEngine.Object+MarshalledUnityObject.TryThrowEditorNullExceptionObject (UnityEngine.Object unityObj, System.String parameterName) (at <b1b6e137fed94ac1a54aeeb4e5f26168>:0)
UnityEngine.Bindings.ThrowHelper.ThrowNullReferenceException (System.Object obj) (at <b1b6e137fed94ac1a54aeeb4e5f26168>:0)
UnityEngine.Transform.get_position () (at <b1b6e137fed94ac1a54aeeb4e5f26168>:0)
UnityEngine.XR.Interaction.Toolkit.UI.LazyFollow.TryGetThresholdTargetRotation (UnityEngine.Quaternion& newTarget) (at ./Library/PackageCache/com.unity.xr.interaction.toolkit@76258c00be3e/Runtime/UI/LazyFollow.cs:510)
UnityEngine.XR.Interaction.Toolkit.UI.LazyFollow.OnEnable () (at ./Library/PackageCache/com.unity.xr.interaction.toolkit@76258c00be3e/Runtime/UI/LazyFollow.cs:384)

UnassignedReferenceException: The variable m_Target of LazyFollow has not been assigned.
You probably need to assign the m_Target variable of the LazyFollow script in the inspector.
UnityEngine.Object+MarshalledUnityObject.TryThrowEditorNullExceptionObject (UnityEngine.Object unityObj, System.String parameterName) (at <b1b6e137fed94ac1a54aeeb4e5f26168>:0)
UnityEngine.Bindings.ThrowHelper.ThrowNullReferenceException (System.Object obj) (at <b1b6e137fed94ac1a54aeeb4e5f26168>:0)
UnityEngine.Transform.get_position () (at <b1b6e137fed94ac1a54aeeb4e5f26168>:0)
UnityEngine.XR.Interaction.Toolkit.UI.LazyFollow.TryGetThresholdTargetRotation (UnityEngine.Quaternion& newTarget) (at ./Library/PackageCache/com.unity.xr.interaction.toolkit@76258c00be3e/Runtime/UI/LazyFollow.cs:510)
UnityEngine.XR.Interaction.Toolkit.UI.LazyFollow.OnEnable () (at ./Library/PackageCache/com.unity.xr.interaction.toolkit@76258c00be3e/Runtime/UI/LazyFollow.cs:384)

UnassignedReferenceException: The variable m_Target of LazyFollow has not been assigned.
You probably need to assign the m_Target variable of the LazyFollow script in the inspector.
UnityEngine.Object+MarshalledUnityObject.TryThrowEditorNullExceptionObject (UnityEngine.Object unityObj, System.String parameterName) (at <b1b6e137fed94ac1a54aeeb4e5f26168>:0)
UnityEngine.Bindings.ThrowHelper.ThrowNullReferenceException (System.Object obj) (at <b1b6e137fed94ac1a54aeeb4e5f26168>:0)
UnityEngine.Transform.get_position () (at <b1b6e137fed94ac1a54aeeb4e5f26168>:0)
UnityEngine.XR.Interaction.Toolkit.UI.LazyFollow.TryGetThresholdTargetRotation (UnityEngine.Quaternion& newTarget) (at ./Library/PackageCache/com.unity.xr.interaction.toolkit@76258c00be3e/Runtime/UI/LazyFollow.cs:510)
UnityEngine.XR.Interaction.Toolkit.UI.LazyFollow.OnEnable () (at ./Library/PackageCache/com.unity.xr.interaction.toolkit@76258c00be3e/Runtime/UI/LazyFollow.cs:384)

Scenario files used in the scene SampleScene and added to the build: 
Assets/Oracle_InObjectScene.xml
Assets/Oracle_Colission.xml
Assets/Oracle_MoveObjectToOrigin.xml
Assets/Oracle_Teleportation.xml
Assets/Oracle_OutSceneTeleportation.xml
Assets/Oracle_Selection.xml
Mesh 'Plane' has more materials (2) than submeshes (1)
[TEST] Start wait at 5.836004, timeScale=1
🚀 Initialisation of the test suite
📢 StartNextChild() called - Actual Index : 0
No Camera Floor Offset GameObject specified for XR Origin, using attached GameObject.
No Main Camera is found for XR Origin, please assign the Camera field manually.
▶ Activation of ScanInteractableObject
🎬 ScanInteractableObject initialised !
➡ ScanInteractableObject begins his interaction !
Total Interactable objects in scene: 15
The game_logs.txt file has been cleared.
Cylinder Interactable: (2.15, 1.16, -2.98)
Arch_Interactable: (2.49, 0.71, -2.13)
Spatial Panel Manipulator Model: (0.00, 0.00, 0.00)
Spatial Panel Manipulator UI Examples: (0.00, 0.00, 0.00)
Sphere Interactable: (3.25, 2.81, 0.50)
Cube Interactable: (2.51, 1.40, -2.98)
Blaster: (2.61, 0.95, -0.16)
Tapered Interactable 2: (2.50, 1.60, -2.98)
Torus Interactable: (2.51, 1.19, -2.98)
Tapered Interactable 1: (2.51, 0.99, -2.98)
All controls are triggered
All controls are triggered
All controls are triggered
All controls are triggered
All controls are triggered
All controls are triggered
All controls are triggered
All controls are triggered
All controls are triggered
All controls are triggered
All controls are triggered
All controls are triggered
All controls are triggered
All controls are triggered
All controls are triggered
All controls are triggered
All controls are triggered
All controls are triggered
All controls are triggered
All controls are triggered
All controls are triggered
All controls are triggered
All controls are triggered
All controls are triggered
All controls are triggered
All controls are triggered
All controls are triggered
All controls are triggered
All controls are triggered
All controls are triggered
All controls are triggered
All controls are triggered
All controls are triggered
All controls are triggered
All controls are triggered
All controls are triggered
All controls are triggered
All controls are triggered
All controls are triggered
All controls are triggered
All controls are triggered
All controls are triggered
All controls are triggered
All controls are triggered
All controls are triggered
All controls are triggered
All controls are triggered
All controls are triggered
All controls are triggered
All controls are triggered
All controls are triggered
All controls are triggered
All controls are triggered
All controls are triggered
All controls are triggered
All controls are triggered
All controls are triggered
All controls are triggered
All controls are triggered
All controls are triggered
All controls are triggered
All controls are triggered
All controls are triggered
All controls are triggered
All controls are triggered
All controls are triggered
All controls are triggered
All controls are triggered
All controls are triggered
All controls are triggered
All controls are triggered
All controls are triggered
All controls are triggered
All controls are triggered
All controls are triggered
All controls are triggered
All controls are triggered
All controls are triggered
All controls are triggered
All controls are triggered
All controls are triggered
All controls are triggered
All controls are triggered
All controls are triggered
All controls are triggered
All controls are triggered
All controls are triggered
All controls are triggered
All controls are triggered
All controls are triggered
All controls are triggered
All controls are triggered
All controls are triggered
All controls are triggered
All controls are triggered
All controls are triggered
All controls are triggered
All controls are triggered
All controls are triggered
All controls are triggered
All controls are triggered
All controls are triggered
All controls are triggered
All controls are triggered
All controls are triggered
All controls are triggered
All controls are triggered
All controls are triggered
All controls are triggered
All controls are triggered
All controls are triggered
All controls are triggered
All controls are triggered
All controls are triggered
All controls are triggered
All controls are triggered
All controls are triggered
All controls are triggered
All controls are triggered
All controls are triggered
All controls are triggered
All controls are triggered
All controls are triggered
All controls are triggered
All controls are triggered
All controls are triggered
All controls are triggered
All controls are triggered
All controls are triggered
All controls are triggered
All controls are triggered
All controls are triggered
All controls are triggered
All controls are triggered
All controls are triggered
All controls are triggered
All controls are triggered
All controls are triggered
All controls are triggered
All controls are triggered
All controls are triggered
All controls are triggered
All controls are triggered
All controls are triggered
All controls are triggered
All controls are triggered
All controls are triggered
All controls are triggered
All controls are triggered
All controls are triggered
All controls are triggered
All controls are triggered
All controls are triggered
All controls are triggered
All controls are triggered
All controls are triggered
All controls are triggered
All controls are triggered
All controls are triggered
All controls are triggered
All controls are triggered
All controls are triggered
All controls are triggered
All controls are triggered
All controls are triggered
All controls are triggered
All controls are triggered
All controls are triggered
All controls are triggered
All controls are triggered
All controls are triggered
All controls are triggered
All controls are triggered
All controls are triggered
All controls are triggered
All controls are triggered
All controls are triggered
All controls are triggered
All controls are triggered
All controls are triggered
All controls are triggered
All controls are triggered
All controls are triggered
All controls are triggered
All controls are triggered
All controls are triggered
All controls are triggered
All controls are triggered
All controls are triggered
All controls are triggered
All controls are triggered
All controls are triggered
All controls are triggered
All controls are triggered
All controls are triggered
All controls are triggered
All controls are triggered
All controls are triggered
All controls are triggered
All controls are triggered
All controls are triggered
All controls are triggered
All controls are triggered
All controls are triggered
All controls are triggered
All controls are triggered
All controls are triggered
All controls are triggered
All controls are triggered
All controls are triggered
All controls are triggered
All controls are triggered
All controls are triggered
All controls are triggered
All controls are triggered
All controls are triggered
All controls are triggered
All controls are triggered
All controls are triggered
All controls are triggered
All controls are triggered
All controls are triggered
All controls are triggered
All controls are triggered
All controls are triggered
All controls are triggered
All controls are triggered
All controls are triggered
All controls are triggered
All controls are triggered
All controls are triggered
All controls are triggered
All controls are triggered
All controls are triggered
All controls are triggered
All controls are triggered
All controls are triggered
All controls are triggered
All controls are triggered
All controls are triggered
All controls are triggered
All controls are triggered
All controls are triggered
All controls are triggered
All controls are triggered
All controls are triggered
All controls are triggered
All controls are triggered
All controls are triggered
All controls are triggered
All controls are triggered
All controls are triggered
All controls are triggered
All controls are triggered
All controls are triggered
All controls are triggered
All controls are triggered
All controls are triggered
All controls are triggered
All controls are triggered
All controls are triggered
All controls are triggered
All controls are triggered
All controls are triggered
All controls are triggered
All controls are triggered
All controls are triggered
All controls are triggered
All controls are triggered
All controls are triggered
All controls are triggered
All controls are triggered
All controls are triggered
All controls are triggered
All controls are triggered
All controls are triggered
All controls are triggered
All controls are triggered
All controls are triggered
All controls are triggered
All controls are triggered
All controls are triggered
All controls are triggered
All controls are triggered
All controls are triggered
All controls are triggered
All controls are triggered
All controls are triggered
All controls are triggered
All controls are triggered
All controls are triggered
All controls are triggered
All controls are triggered
All controls are triggered
All controls are triggered
All controls are triggered
All controls are triggered
All controls are triggered
All controls are triggered
All controls are triggered
All controls are triggered
All controls are triggered
All controls are triggered
All controls are triggered
All controls are triggered
All controls are triggered
All controls are triggered
All controls are triggered
All controls are triggered
All controls are triggered
All controls are triggered
All controls are triggered
All controls are triggered
All controls are triggered
All controls are triggered
All controls are triggered
All controls are triggered
All controls are triggered
All controls are triggered
All controls are triggered
All controls are triggered
All controls are triggered
All controls are triggered
All controls are triggered
All controls are triggered
All controls are triggered
All controls are triggered
All controls are triggered
All controls are triggered
All controls are triggered
All controls are triggered
All controls are triggered
All controls are triggered
All controls are triggered
All controls are triggered
All controls are triggered
All controls are triggered
All controls are triggered
All controls are triggered
All controls are triggered
All controls are triggered
All controls are triggered
All controls are triggered
All controls are triggered
All controls are triggered
All controls are triggered
All controls are triggered
All controls are triggered
All controls are triggered
All controls are triggered
All controls are triggered
All controls are triggered
All controls are triggered
All controls are triggered
All controls are triggered
All controls are triggered
All controls are triggered
All controls are triggered
All controls are triggered
All controls are triggered
All controls are triggered
All controls are triggered
All controls are triggered
All controls are triggered
All controls are triggered
All controls are triggered
All controls are triggered
All controls are triggered
All controls are triggered
All controls are triggered
All controls are triggered
All controls are triggered
All controls are triggered
All controls are triggered
All controls are triggered
All controls are triggered
All controls are triggered
All controls are triggered
All controls are triggered
All controls are triggered
All controls are triggered
All controls are triggered
All controls are triggered
All controls are triggered
All controls are triggered
All controls are triggered
All controls are triggered
All controls are triggered
All controls are triggered
All controls are triggered
All controls are triggered
All controls are triggered
All controls are triggered
All controls are triggered
All controls are triggered
All controls are triggered
All controls are triggered
All controls are triggered
All controls are triggered
All controls are triggered
All controls are triggered
All controls are triggered
All controls are triggered
All controls are triggered
All controls are triggered
All controls are triggered
All controls are triggered
All controls are triggered
All controls are triggered
All controls are triggered
All controls are triggered
All controls are triggered
All controls are triggered
All controls are triggered
All controls are triggered
All controls are triggered
All controls are triggered
All controls are triggered
All controls are triggered
All controls are triggered
All controls are triggered
All controls are triggered
All controls are triggered
All controls are triggered
All controls are triggered
All controls are triggered
All controls are triggered
All controls are triggered
All controls are triggered
All controls are triggered
All controls are triggered
All controls are triggered
All controls are triggered
All controls are triggered
All controls are triggered
All controls are triggered
All controls are triggered
All controls are triggered
All controls are triggered
All controls are triggered
All controls are triggered
All controls are triggered
All controls are triggered
All controls are triggered
All controls are triggered
All controls are triggered
All controls are triggered
All controls are triggered
All controls are triggered
All controls are triggered
All controls are triggered
All controls are triggered
All controls are triggered
All controls are triggered
All controls are triggered
All controls are triggered
All controls are triggered
All controls are triggered
All controls are triggered
All controls are triggered
All controls are triggered
All controls are triggered
All controls are triggered
All controls are triggered
All controls are triggered
All controls are triggered
All controls are triggered
All controls are triggered
All controls are triggered
All controls are triggered
All controls are triggered
All controls are triggered
All controls are triggered
All controls are triggered
All controls are triggered
All controls are triggered
All controls are triggered
All controls are triggered
All controls are triggered
All controls are triggered
All controls are triggered
All controls are triggered
All controls are triggered
All controls are triggered
All controls are triggered
All controls are triggered
All controls are triggered
All controls are triggered
All controls are triggered
All controls are triggered
All controls are triggered
All controls are triggered
All controls are triggered
All controls are triggered
All controls are triggered
All controls are triggered
All controls are triggered
All controls are triggered
All controls are triggered
All controls are triggered
All controls are triggered
All controls are triggered
All controls are triggered
All controls are triggered
All controls are triggered
All controls are triggered
All controls are triggered
All controls are triggered
All controls are triggered
All controls are triggered
All controls are triggered
All controls are triggered
All controls are triggered
All controls are triggered
All controls are triggered
All controls are triggered
All controls are triggered
All controls are triggered
All controls are triggered
All controls are triggered
All controls are triggered
All controls are triggered
All controls are triggered
All controls are triggered
All controls are triggered
All controls are triggered
All controls are triggered
All controls are triggered
All controls are triggered
All controls are triggered
All controls are triggered
All controls are triggered
All controls are triggered
All controls are triggered
All controls are triggered
All controls are triggered
All controls are triggered
All controls are triggered
All controls are triggered
All controls are triggered
All controls are triggered
All controls are triggered
All controls are triggered
All controls are triggered
All controls are triggered
All controls are triggered
All controls are triggered
All controls are triggered
All controls are triggered
All controls are triggered
All controls are triggered
All controls are triggered
All controls are triggered
All controls are triggered
All controls are triggered
All controls are triggered
All controls are triggered
All controls are triggered
All controls are triggered
All controls are triggered
All controls are triggered
All controls are triggered
All controls are triggered
All controls are triggered
All controls are triggered
All controls are triggered
All controls are triggered
All controls are triggered
All controls are triggered
All controls are triggered
All controls are triggered
All controls are triggered
All controls are triggered
All controls are triggered
All controls are triggered
All controls are triggered
All controls are triggered
All controls are triggered
All controls are triggered
All controls are triggered
All controls are triggered
All controls are triggered
All controls are triggered
All controls are triggered
All controls are triggered
All controls are triggered
All controls are triggered
All controls are triggered
All controls are triggered
All controls are triggered
All controls are triggered
All controls are triggered
All controls are triggered
All controls are triggered
All controls are triggered
All controls are triggered
All controls are triggered
All controls are triggered
All controls are triggered
All controls are triggered
All controls are triggered
All controls are triggered
All controls are triggered
All controls are triggered
All controls are triggered
All controls are triggered
All controls are triggered
All controls are triggered
All controls are triggered
All controls are triggered
All controls are triggered
All controls are triggered
All controls are triggered
All controls are triggered
All controls are triggered
All controls are triggered
All controls are triggered
All controls are triggered
All controls are triggered
All controls are triggered
All controls are triggered
All controls are triggered
All controls are triggered
All controls are triggered
All controls are triggered
All controls are triggered
All controls are triggered
All controls are triggered
All controls are triggered
All controls are triggered
All controls are triggered
All controls are triggered
All controls are triggered
All controls are triggered
All controls are triggered
All controls are triggered
All controls are triggered
All controls are triggered
All controls are triggered
All controls are triggered
Amount of object found : 10.00 objects/minutes.
All controls are triggered
All controls are triggered
All controls are triggered
All controls are triggered
All controls are triggered
All controls are triggered
All controls are triggered
All controls are triggered
All controls are triggered
All controls are triggered
All controls are triggered
All controls are triggered
All controls are triggered
All controls are triggered
All controls are triggered
All controls are triggered
All controls are triggered
All controls are triggered
All controls are triggered
All controls are triggered
All controls are triggered
All controls are triggered
All controls are triggered
All controls are triggered
All controls are triggered
All controls are triggered
All controls are triggered
All controls are triggered
All controls are triggered
All controls are triggered
All controls are triggered
All controls are triggered
All controls are triggered
All controls are triggered
All controls are triggered
All controls are triggered
All controls are triggered
All controls are triggered
All controls are triggered
All controls are triggered
All controls are triggered
All controls are triggered
All controls are triggered
All controls are triggered
All controls are triggered
All controls are triggered
All controls are triggered
All controls are triggered
All controls are triggered
All controls are triggered
All controls are triggered
All controls are triggered
All controls are triggered
All controls are triggered
All controls are triggered
All controls are triggered
All controls are triggered
All controls are triggered
All controls are triggered
All controls are triggered
All controls are triggered
All controls are triggered
All controls are triggered
All controls are triggered
All controls are triggered
All controls are triggered
All controls are triggered
All controls are triggered
All controls are triggered
All controls are triggered
All controls are triggered
All controls are triggered
All controls are triggered
All controls are triggered
All controls are triggered
All controls are triggered
All controls are triggered
All controls are triggered
All controls are triggered
All controls are triggered
All controls are triggered
All controls are triggered
All controls are triggered
All controls are triggered
All controls are triggered
All controls are triggered
All controls are triggered
All controls are triggered
All controls are triggered
All controls are triggered
All controls are triggered
All controls are triggered
All controls are triggered
All controls are triggered
All controls are triggered
All controls are triggered
All controls are triggered
All controls are triggered
All controls are triggered
All controls are triggered
All controls are triggered
All controls are triggered
All controls are triggered
All controls are triggered
All controls are triggered
All controls are triggered
All controls are triggered
All controls are triggered
All controls are triggered
All controls are triggered
All controls are triggered
All controls are triggered
All controls are triggered
All controls are triggered
All controls are triggered
All controls are triggered
All controls are triggered
All controls are triggered
All controls are triggered
All controls are triggered
All controls are triggered
All controls are triggered
All controls are triggered
All controls are triggered
All controls are triggered
All controls are triggered
All controls are triggered
All controls are triggered
All controls are triggered
All controls are triggered
All controls are triggered
All controls are triggered
All controls are triggered
All controls are triggered
All controls are triggered
All controls are triggered
All controls are triggered
All controls are triggered
All controls are triggered
All controls are triggered
All controls are triggered
All controls are triggered
All controls are triggered
All controls are triggered
All controls are triggered
All controls are triggered
All controls are triggered
All controls are triggered
All controls are triggered
All controls are triggered
All controls are triggered
All controls are triggered
All controls are triggered
All controls are triggered
All controls are triggered
All controls are triggered
All controls are triggered
All controls are triggered
All controls are triggered
All controls are triggered
All controls are triggered
All controls are triggered
All controls are triggered
All controls are triggered
All controls are triggered
All controls are triggered
All controls are triggered
All controls are triggered
All controls are triggered
All controls are triggered
All controls are triggered
All controls are triggered
All controls are triggered
All controls are triggered
All controls are triggered
All controls are triggered
All controls are triggered
All controls are triggered
All controls are triggered
All controls are triggered
All controls are triggered
All controls are triggered
All controls are triggered
All controls are triggered
All controls are triggered
All controls are triggered
All controls are triggered
All controls are triggered
All controls are triggered
All controls are triggered
All controls are triggered
All controls are triggered
All controls are triggered
All controls are triggered
All controls are triggered
All controls are triggered
All controls are triggered
All controls are triggered
All controls are triggered
All controls are triggered
All controls are triggered
All controls are triggered
All controls are triggered
All controls are triggered
All controls are triggered
All controls are triggered
All controls are triggered
All controls are triggered
All controls are triggered
All controls are triggered
All controls are triggered
All controls are triggered
All controls are triggered
All controls are triggered
All controls are triggered
All controls are triggered
All controls are triggered
All controls are triggered
All controls are triggered
All controls are triggered
All controls are triggered
All controls are triggered
All controls are triggered
All controls are triggered
All controls are triggered
All controls are triggered
All controls are triggered
All controls are triggered
All controls are triggered
All controls are triggered
All controls are triggered
All controls are triggered
All controls are triggered
All controls are triggered
All controls are triggered
All controls are triggered
All controls are triggered
All controls are triggered
All controls are triggered
All controls are triggered
All controls are triggered
All controls are triggered
All controls are triggered
All controls are triggered
All controls are triggered
All controls are triggered
All controls are triggered
All controls are triggered
All controls are triggered
All controls are triggered
All controls are triggered
All controls are triggered
All controls are triggered
All controls are triggered
All controls are triggered
All controls are triggered
All controls are triggered
All controls are triggered
All controls are triggered
All controls are triggered
All controls are triggered
All controls are triggered
All controls are triggered
All controls are triggered
All controls are triggered
All controls are triggered
All controls are triggered
All controls are triggered
All controls are triggered
All controls are triggered
All controls are triggered
All controls are triggered
All controls are triggered
All controls are triggered
All controls are triggered
All controls are triggered
All controls are triggered
All controls are triggered
All controls are triggered
All controls are triggered
All controls are triggered
All controls are triggered
All controls are triggered
All controls are triggered
All controls are triggered
All controls are triggered
All controls are triggered
All controls are triggered
All controls are triggered
All controls are triggered
All controls are triggered
All controls are triggered
All controls are triggered
All controls are triggered
All controls are triggered
All controls are triggered
All controls are triggered
All controls are triggered
All controls are triggered
All controls are triggered
All controls are triggered
All controls are triggered
All controls are triggered
All controls are triggered
All controls are triggered
All controls are triggered
All controls are triggered
All controls are triggered
All controls are triggered
All controls are triggered
All controls are triggered
All controls are triggered
All controls are triggered
All controls are triggered
All controls are triggered
All controls are triggered
All controls are triggered
All controls are triggered
All controls are triggered
All controls are triggered
All controls are triggered
All controls are triggered
All controls are triggered
All controls are triggered
All controls are triggered
All controls are triggered
All controls are triggered
All controls are triggered
All controls are triggered
All controls are triggered
All controls are triggered
All controls are triggered
All controls are triggered
All controls are triggered
All controls are triggered
All controls are triggered
All controls are triggered
All controls are triggered
All controls are triggered
All controls are triggered
All controls are triggered
All controls are triggered
All controls are triggered
All controls are triggered
All controls are triggered
All controls are triggered
All controls are triggered
All controls are triggered
All controls are triggered
All controls are triggered
All controls are triggered
All controls are triggered
All controls are triggered
All controls are triggered
All controls are triggered
All controls are triggered
All controls are triggered
All controls are triggered
All controls are triggered
All controls are triggered
All controls are triggered
All controls are triggered
All controls are triggered
All controls are triggered
All controls are triggered
All controls are triggered
All controls are triggered
All controls are triggered
All controls are triggered
All controls are triggered
All controls are triggered
All controls are triggered
All controls are triggered
All controls are triggered
All controls are triggered
All controls are triggered
All controls are triggered
All controls are triggered
All controls are triggered
All controls are triggered
All controls are triggered
All controls are triggered
All controls are triggered
All controls are triggered
All controls are triggered
All controls are triggered
All controls are triggered
All controls are triggered
All controls are triggered
All controls are triggered
All controls are triggered
All controls are triggered
All controls are triggered
All controls are triggered
All controls are triggered
All controls are triggered
All controls are triggered
All controls are triggered
All controls are triggered
All controls are triggered
All controls are triggered
All controls are triggered
All controls are triggered
All controls are triggered
All controls are triggered
All controls are triggered
All controls are triggered
All controls are triggered
All controls are triggered
All controls are triggered
All controls are triggered
All controls are triggered
All controls are triggered
All controls are triggered
All controls are triggered
All controls are triggered
All controls are triggered
All controls are triggered
All controls are triggered
All controls are triggered
All controls are triggered
All controls are triggered
All controls are triggered
All controls are triggered
All controls are triggered
All controls are triggered
All controls are triggered
All controls are triggered
All controls are triggered
All controls are triggered
All controls are triggered
All controls are triggered
All controls are triggered
All controls are triggered
All controls are triggered
All controls are triggered
All controls are triggered
All controls are triggered
All controls are triggered
All controls are triggered
All controls are triggered
All controls are triggered
All controls are triggered
All controls are triggered
All controls are triggered
All controls are triggered
All controls are triggered
All controls are triggered
All controls are triggered
All controls are triggered
All controls are triggered
All controls are triggered
All controls are triggered
All controls are triggered
All controls are triggered
All controls are triggered
All controls are triggered
All controls are triggered
All controls are triggered
All controls are triggered
All controls are triggered
All controls are triggered
All controls are triggered
All controls are triggered
All controls are triggered
All controls are triggered
All controls are triggered
All controls are triggered
All controls are triggered
All controls are triggered
All controls are triggered
All controls are triggered
All controls are triggered
All controls are triggered
All controls are triggered
All controls are triggered
All controls are triggered
All controls are triggered
All controls are triggered
All controls are triggered
All controls are triggered
All controls are triggered
All controls are triggered
All controls are triggered
All controls are triggered
All controls are triggered
All controls are triggered
All controls are triggered
All controls are triggered
All controls are triggered
All controls are triggered
All controls are triggered
All controls are triggered
All controls are triggered
All controls are triggered
All controls are triggered
All controls are triggered
All controls are triggered
All controls are triggered
All controls are triggered
All controls are triggered
All controls are triggered
All controls are triggered
All controls are triggered
All controls are triggered
All controls are triggered
All controls are triggered
All controls are triggered
All controls are triggered
All controls are triggered
All controls are triggered
All controls are triggered
All controls are triggered
All controls are triggered
All controls are triggered
All controls are triggered
All controls are triggered
All controls are triggered
All controls are triggered
All controls are triggered
All controls are triggered
All controls are triggered
All controls are triggered
All controls are triggered
All controls are triggered
All controls are triggered
All controls are triggered
All controls are triggered
All controls are triggered
All controls are triggered
All controls are triggered
All controls are triggered
All controls are triggered
All controls are triggered
All controls are triggered
All controls are triggered
All controls are triggered
All controls are triggered
All controls are triggered
All controls are triggered
All controls are triggered
All controls are triggered
All controls are triggered
All controls are triggered
All controls are triggered
All controls are triggered
All controls are triggered
All controls are triggered
All controls are triggered
All controls are triggered
All controls are triggered
All controls are triggered
All controls are triggered
All controls are triggered
All controls are triggered
All controls are triggered
All controls are triggered
All controls are triggered
All controls are triggered
All controls are triggered
All controls are triggered
All controls are triggered
All controls are triggered
All controls are triggered
All controls are triggered
All controls are triggered
All controls are triggered
All controls are triggered
All controls are triggered
All controls are triggered
All controls are triggered
All controls are triggered
All controls are triggered
All controls are triggered
All controls are triggered
All controls are triggered
All controls are triggered
All controls are triggered
All controls are triggered
All controls are triggered
All controls are triggered
All controls are triggered
All controls are triggered
All controls are triggered
All controls are triggered
All controls are triggered
All controls are triggered
All controls are triggered
All controls are triggered
All controls are triggered
All controls are triggered
All controls are triggered
All controls are triggered
All controls are triggered
All controls are triggered
All controls are triggered
All controls are triggered
All controls are triggered
All controls are triggered
All controls are triggered
All controls are triggered
All controls are triggered
All controls are triggered
All controls are triggered
All controls are triggered
All controls are triggered
All controls are triggered
All controls are triggered
All controls are triggered
All controls are triggered
All controls are triggered
All controls are triggered
All controls are triggered
All controls are triggered
All controls are triggered
All controls are triggered
All controls are triggered
All controls are triggered
All controls are triggered
All controls are triggered
All controls are triggered
All controls are triggered
All controls are triggered
All controls are triggered
All controls are triggered
All controls are triggered
All controls are triggered
All controls are triggered
All controls are triggered
All controls are triggered
All controls are triggered
All controls are triggered
All controls are triggered
All controls are triggered
All controls are triggered
All controls are triggered
All controls are triggered
All controls are triggered
All controls are triggered
All controls are triggered
All controls are triggered
All controls are triggered
All controls are triggered
All controls are triggered
All controls are triggered
All controls are triggered
All controls are triggered
All controls are triggered
All controls are triggered
All controls are triggered
All controls are triggered
All controls are triggered
All controls are triggered
All controls are triggered
All controls are triggered
All controls are triggered
All controls are triggered
All controls are triggered
All controls are triggered
All controls are triggered
All controls are triggered
All controls are triggered
All controls are triggered
All controls are triggered
All controls are triggered
All controls are triggered
All controls are triggered
All controls are triggered
All controls are triggered
All controls are triggered
All controls are triggered
All controls are triggered
All controls are triggered
All controls are triggered
All controls are triggered
All controls are triggered
All controls are triggered
All controls are triggered
All controls are triggered
All controls are triggered
All controls are triggered
All controls are triggered
All controls are triggered
All controls are triggered
All controls are triggered
All controls are triggered
All controls are triggered
All controls are triggered
All controls are triggered
All controls are triggered
All controls are triggered
All controls are triggered
All controls are triggered
All controls are triggered
All controls are triggered
All controls are triggered
All controls are triggered
All controls are triggered
All controls are triggered
All controls are triggered
All controls are triggered
All controls are triggered
All controls are triggered
All controls are triggered
All controls are triggered
All controls are triggered
All controls are triggered
All controls are triggered
All controls are triggered
All controls are triggered
All controls are triggered
All controls are triggered
All controls are triggered
All controls are triggered
All controls are triggered
All controls are triggered
All controls are triggered
All controls are triggered
All controls are triggered
All controls are triggered
All controls are triggered
All controls are triggered
All controls are triggered
All controls are triggered
All controls are triggered
All controls are triggered
All controls are triggered
All controls are triggered
All controls are triggered
All controls are triggered
All controls are triggered
All controls are triggered
All controls are triggered
All controls are triggered
All controls are triggered
All controls are triggered
All controls are triggered
All controls are triggered
All controls are triggered
All controls are triggered
All controls are triggered
All controls are triggered
All controls are triggered
All controls are triggered
All controls are triggered
All controls are triggered
All controls are triggered
All controls are triggered
All controls are triggered
All controls are triggered
All controls are triggered
All controls are triggered
All controls are triggered
All controls are triggered
All controls are triggered
All controls are triggered
All controls are triggered
All controls are triggered
All controls are triggered
All controls are triggered
All controls are triggered
All controls are triggered
All controls are triggered
All controls are triggered
All controls are triggered
All controls are triggered
All controls are triggered
All controls are triggered
All controls are triggered
All controls are triggered
All controls are triggered
All controls are triggered
All controls are triggered
All controls are triggered
All controls are triggered
All controls are triggered
All controls are triggered
All controls are triggered
All controls are triggered
All controls are triggered
All controls are triggered
All controls are triggered
All controls are triggered
All controls are triggered
All controls are triggered
All controls are triggered
All controls are triggered
All controls are triggered
All controls are triggered
All controls are triggered
All controls are triggered
All controls are triggered
All controls are triggered
All controls are triggered
All controls are triggered
All controls are triggered
All controls are triggered
All controls are triggered
All controls are triggered
All controls are triggered
All controls are triggered
All controls are triggered
All controls are triggered
All controls are triggered
All controls are triggered
All controls are triggered
All controls are triggered
All controls are triggered
All controls are triggered
All controls are triggered
All controls are triggered
All controls are triggered
All controls are triggered
All controls are triggered
All controls are triggered
All controls are triggered
All controls are triggered
All controls are triggered
All controls are triggered
All controls are triggered
All controls are triggered
All controls are triggered
All controls are triggered
All controls are triggered
All controls are triggered
All controls are triggered
All controls are triggered
All controls are triggered
All controls are triggered
All controls are triggered
All controls are triggered
All controls are triggered
All controls are triggered
All controls are triggered
All controls are triggered
All controls are triggered
All controls are triggered
All controls are triggered
All controls are triggered
All controls are triggered
All controls are triggered
All controls are triggered
All controls are triggered
All controls are triggered
All controls are triggered
All controls are triggered
All controls are triggered
All controls are triggered
All controls are triggered
All controls are triggered
All controls are triggered
All controls are triggered
All controls are triggered
All controls are triggered
All controls are triggered
All controls are triggered
All controls are triggered
All controls are triggered
All controls are triggered
All controls are triggered
All controls are triggered
All controls are triggered
All controls are triggered
All controls are triggered
All controls are triggered
All controls are triggered
All controls are triggered
All controls are triggered
All controls are triggered
All controls are triggered
All controls are triggered
All controls are triggered
All controls are triggered
All controls are triggered
All controls are triggered
All controls are triggered
All controls are triggered
All controls are triggered
All controls are triggered
All controls are triggered
All controls are triggered
All controls are triggered
All controls are triggered
All controls are triggered
All controls are triggered
All controls are triggered
All controls are triggered
All controls are triggered
All controls are triggered
All controls are triggered
All controls are triggered
All controls are triggered
All controls are triggered
All controls are triggered
All controls are triggered
All controls are triggered
All controls are triggered
All controls are triggered
All controls are triggered
All controls are triggered
All controls are triggered
All controls are triggered
All controls are triggered
All controls are triggered
All controls are triggered
All controls are triggered
All controls are triggered
All controls are triggered
All controls are triggered
All controls are triggered
All controls are triggered
All controls are triggered
All controls are triggered
All controls are triggered
All controls are triggered
All controls are triggered
All controls are triggered
All controls are triggered
All controls are triggered
All controls are triggered
All controls are triggered
All controls are triggered
All controls are triggered
All controls are triggered
All controls are triggered
All controls are triggered
All controls are triggered
All controls are triggered
All controls are triggered
All controls are triggered
All controls are triggered
All controls are triggered
All controls are triggered
All controls are triggered
All controls are triggered
All controls are triggered
All controls are triggered
All controls are triggered
All controls are triggered
All controls are triggered
All controls are triggered
All controls are triggered
All controls are triggered
All controls are triggered
All controls are triggered
All controls are triggered
All controls are triggered
All controls are triggered
All controls are triggered
All controls are triggered
All controls are triggered
All controls are triggered
All controls are triggered
All controls are triggered
All controls are triggered
All controls are triggered
All controls are triggered
All controls are triggered
All controls are triggered
All controls are triggered
All controls are triggered
All controls are triggered
All controls are triggered
All controls are triggered
All controls are triggered
All controls are triggered
All controls are triggered
All controls are triggered
All controls are triggered
All controls are triggered
All controls are triggered
All controls are triggered
All controls are triggered
All controls are triggered
All controls are triggered
All controls are triggered
All controls are triggered
All controls are triggered
All controls are triggered
All controls are triggered
All controls are triggered
All controls are triggered
All controls are triggered
All controls are triggered
All controls are triggered
All controls are triggered
All controls are triggered
All controls are triggered
All controls are triggered
All controls are triggered
All controls are triggered
All controls are triggered
All controls are triggered
All controls are triggered
All controls are triggered
All controls are triggered
All controls are triggered
All controls are triggered
All controls are triggered
All controls are triggered
All controls are triggered
All controls are triggered
All controls are triggered
All controls are triggered
All controls are triggered
All controls are triggered
All controls are triggered
All controls are triggered
All controls are triggered
All controls are triggered
All controls are triggered
All controls are triggered
All controls are triggered
All controls are triggered
All controls are triggered
All controls are triggered
All controls are triggered
All controls are triggered
All controls are triggered
All controls are triggered
All controls are triggered
All controls are triggered
All controls are triggered
All controls are triggered
All controls are triggered
All controls are triggered
All controls are triggered
All controls are triggered
All controls are triggered
All controls are triggered
All controls are triggered
All controls are triggered
All controls are triggered
All controls are triggered
All controls are triggered
All controls are triggered
All controls are triggered
All controls are triggered
All controls are triggered
All controls are triggered
All controls are triggered
All controls are triggered
All controls are triggered
All controls are triggered
All controls are triggered
All controls are triggered
All controls are triggered
All controls are triggered
All controls are triggered
All controls are triggered
All controls are triggered
All controls are triggered
All controls are triggered
All controls are triggered
All controls are triggered
All controls are triggered
All controls are triggered
All controls are triggered
All controls are triggered
All controls are triggered
All controls are triggered
All controls are triggered
All controls are triggered
All controls are triggered
All controls are triggered
All controls are triggered
All controls are triggered
All controls are triggered
All controls are triggered
All controls are triggered
All controls are triggered
All controls are triggered
All controls are triggered
All controls are triggered
All controls are triggered
All controls are triggered
All controls are triggered
All controls are triggered
All controls are triggered
All controls are triggered
All controls are triggered
All controls are triggered
All controls are triggered
All controls are triggered
All controls are triggered
All controls are triggered
All controls are triggered
All controls are triggered
All controls are triggered
All controls are triggered
All controls are triggered
All controls are triggered
All controls are triggered
All controls are triggered
All controls are triggered
All controls are triggered
All controls are triggered
All controls are triggered
All controls are triggered
All controls are triggered
All controls are triggered
All controls are triggered
All controls are triggered
All controls are triggered
All controls are triggered
All controls are triggered
All controls are triggered
All controls are triggered
All controls are triggered
All controls are triggered
All controls are triggered
All controls are triggered
All controls are triggered
All controls are triggered
All controls are triggered
All controls are triggered
All controls are triggered
All controls are triggered
All controls are triggered
All controls are triggered
All controls are triggered
All controls are triggered
All controls are triggered
All controls are triggered
All controls are triggered
All controls are triggered
All controls are triggered
All controls are triggered
All controls are triggered
All controls are triggered
All controls are triggered
All controls are triggered
All controls are triggered
All controls are triggered
All controls are triggered
All controls are triggered
All controls are triggered
All controls are triggered
All controls are triggered
All controls are triggered
All controls are triggered
All controls are triggered
All controls are triggered
All controls are triggered
All controls are triggered
All controls are triggered
All controls are triggered
All controls are triggered
All controls are triggered
All controls are triggered
All controls are triggered
All controls are triggered
All controls are triggered
All controls are triggered
All controls are triggered
All controls are triggered
All controls are triggered
All controls are triggered
All controls are triggered
All controls are triggered
All controls are triggered
All controls are triggered
All controls are triggered
All controls are triggered
All controls are triggered
All controls are triggered
All controls are triggered
All controls are triggered
All controls are triggered
All controls are triggered
All controls are triggered
All controls are triggered
All controls are triggered
All controls are triggered
All controls are triggered
All controls are triggered
All controls are triggered
All controls are triggered
All controls are triggered
All controls are triggered
All controls are triggered
All controls are triggered
All controls are triggered
All controls are triggered
All controls are triggered
All controls are triggered
All controls are triggered
All controls are triggered
All controls are triggered
All controls are triggered
All controls are triggered
All controls are triggered
All controls are triggered
All controls are triggered
All controls are triggered
All controls are triggered
All controls are triggered
All controls are triggered
All controls are triggered
All controls are triggered
All controls are triggered
All controls are triggered
All controls are triggered
All controls are triggered
All controls are triggered
All controls are triggered
All controls are triggered
All controls are triggered
All controls are triggered
All controls are triggered
All controls are triggered
All controls are triggered
All controls are triggered
All controls are triggered
All controls are triggered
All controls are triggered
All controls are triggered
All controls are triggered
All controls are triggered
All controls are triggered
All controls are triggered
All controls are triggered
All controls are triggered
All controls are triggered
All controls are triggered
All controls are triggered
All controls are triggered
All controls are triggered
All controls are triggered
All controls are triggered
All controls are triggered
All controls are triggered
All controls are triggered
All controls are triggered
All controls are triggered
All controls are triggered
All controls are triggered
All controls are triggered
All controls are triggered
All controls are triggered
All controls are triggered
All controls are triggered
All controls are triggered
All controls are triggered
All controls are triggered
All controls are triggered
All controls are triggered
All controls are triggered
All controls are triggered
All controls are triggered
All controls are triggered
All controls are triggered
All controls are triggered
All controls are triggered
All controls are triggered
All controls are triggered
All controls are triggered
All controls are triggered
All controls are triggered
All controls are triggered
All controls are triggered
All controls are triggered
All controls are triggered
All controls are triggered
All controls are triggered
All controls are triggered
All controls are triggered
All controls are triggered
All controls are triggered
All controls are triggered
All controls are triggered
All controls are triggered
All controls are triggered
All controls are triggered
All controls are triggered
All controls are triggered
All controls are triggered
All controls are triggered
All controls are triggered
All controls are triggered
All controls are triggered
All controls are triggered
All controls are triggered
All controls are triggered
All controls are triggered
All controls are triggered
All controls are triggered
All controls are triggered
All controls are triggered
All controls are triggered
All controls are triggered
All controls are triggered
All controls are triggered
All controls are triggered
All controls are triggered
All controls are triggered
All controls are triggered
All controls are triggered
All controls are triggered
All controls are triggered
All controls are triggered
All controls are triggered
All controls are triggered
All controls are triggered
All controls are triggered
All controls are triggered
All controls are triggered
All controls are triggered
All controls are triggered
All controls are triggered
All controls are triggered
All controls are triggered
All controls are triggered
All controls are triggered
All controls are triggered
All controls are triggered
All controls are triggered
All controls are triggered
All controls are triggered
All controls are triggered
All controls are triggered
All controls are triggered
All controls are triggered
All controls are triggered
All controls are triggered
All controls are triggered
All controls are triggered
All controls are triggered
All controls are triggered
All controls are triggered
All controls are triggered
All controls are triggered
All controls are triggered
All controls are triggered
All controls are triggered
All controls are triggered
All controls are triggered
All controls are triggered
All controls are triggered
All controls are triggered
All controls are triggered
All controls are triggered
All controls are triggered
All controls are triggered
All controls are triggered
All controls are triggered
All controls are triggered
All controls are triggered
All controls are triggered
All controls are triggered
All controls are triggered
All controls are triggered
All controls are triggered
All controls are triggered
All controls are triggered
All controls are triggered
All controls are triggered
All controls are triggered
All controls are triggered
All controls are triggered
All controls are triggered
All controls are triggered
All controls are triggered
All controls are triggered
All controls are triggered
All controls are triggered
All controls are triggered
All controls are triggered
All controls are triggered
All controls are triggered
All controls are triggered
All controls are triggered
All controls are triggered
All controls are triggered
All controls are triggered
All controls are triggered
All controls are triggered
All controls are triggered
All controls are triggered
All controls are triggered
All controls are triggered
All controls are triggered
All controls are triggered
All controls are triggered
All controls are triggered
All controls are triggered
All controls are triggered
All controls are triggered
All controls are triggered
All controls are triggered
All controls are triggered
All controls are triggered
All controls are triggered
All controls are triggered
All controls are triggered
All controls are triggered
All controls are triggered
All controls are triggered
All controls are triggered
All controls are triggered
All controls are triggered
All controls are triggered
All controls are triggered
All controls are triggered
All controls are triggered
All controls are triggered
All controls are triggered
All controls are triggered
All controls are triggered
All controls are triggered
All controls are triggered
All controls are triggered
All controls are triggered
All controls are triggered
All controls are triggered
All controls are triggered
All controls are triggered
All controls are triggered
All controls are triggered
All controls are triggered
All controls are triggered
All controls are triggered
All controls are triggered
All controls are triggered
All controls are triggered
All controls are triggered
All controls are triggered
All controls are triggered
All controls are triggered
All controls are triggered
All controls are triggered
All controls are triggered
All controls are triggered
All controls are triggered
All controls are triggered
All controls are triggered
All controls are triggered
All controls are triggered
All controls are triggered
All controls are triggered
All controls are triggered
All controls are triggered
All controls are triggered
All controls are triggered
All controls are triggered
All controls are triggered
All controls are triggered
All controls are triggered
All controls are triggered
All controls are triggered
All controls are triggered
All controls are triggered
All controls are triggered
All controls are triggered
All controls are triggered
All controls are triggered
All controls are triggered
All controls are triggered
All controls are triggered
All controls are triggered
All controls are triggered
All controls are triggered
All controls are triggered
All controls are triggered
All controls are triggered
All controls are triggered
All controls are triggered
All controls are triggered
All controls are triggered
All controls are triggered
All controls are triggered
All controls are triggered
All controls are triggered
All controls are triggered
All controls are triggered
All controls are triggered
All controls are triggered
All controls are triggered
All controls are triggered
All controls are triggered
All controls are triggered
All controls are triggered
All controls are triggered
All controls are triggered
All controls are triggered
All controls are triggered
All controls are triggered
All controls are triggered
All controls are triggered
All controls are triggered
All controls are triggered
All controls are triggered
All controls are triggered
All controls are triggered
All controls are triggered
All controls are triggered
All controls are triggered
All controls are triggered
All controls are triggered
All controls are triggered
All controls are triggered
All controls are triggered
All controls are triggered
All controls are triggered
All controls are triggered
All controls are triggered
All controls are triggered
All controls are triggered
All controls are triggered
All controls are triggered
All controls are triggered
All controls are triggered
All controls are triggered
All controls are triggered
All controls are triggered
All controls are triggered
All controls are triggered
All controls are triggered
All controls are triggered
All controls are triggered
All controls are triggered
All controls are triggered
All controls are triggered
All controls are triggered
All controls are triggered
All controls are triggered
All controls are triggered
All controls are triggered
All controls are triggered
All controls are triggered
All controls are triggered
All controls are triggered
All controls are triggered
All controls are triggered
All controls are triggered
All controls are triggered
All controls are triggered
All controls are triggered
All controls are triggered
All controls are triggered
All controls are triggered
All controls are triggered
All controls are triggered
All controls are triggered
All controls are triggered
All controls are triggered
All controls are triggered
All controls are triggered
All controls are triggered
All controls are triggered
All controls are triggered
All controls are triggered
All controls are triggered
All controls are triggered
All controls are triggered
All controls are triggered
All controls are triggered
All controls are triggered
All controls are triggered
All controls are triggered
All controls are triggered
All controls are triggered
All controls are triggered
All controls are triggered
All controls are triggered
All controls are triggered
All controls are triggered
All controls are triggered
All controls are triggered
All controls are triggered
All controls are triggered
All controls are triggered
All controls are triggered
All controls are triggered
All controls are triggered
All controls are triggered
All controls are triggered
All controls are triggered
All controls are triggered
All controls are triggered
All controls are triggered
All controls are triggered
All controls are triggered
All controls are triggered
All controls are triggered
All controls are triggered
All controls are triggered
All controls are triggered
All controls are triggered
All controls are triggered
All controls are triggered
All controls are triggered
All controls are triggered
All controls are triggered
All controls are triggered
All controls are triggered
All controls are triggered
All controls are triggered
All controls are triggered
All controls are triggered
All controls are triggered
All controls are triggered
All controls are triggered
All controls are triggered
All controls are triggered
All controls are triggered
All controls are triggered
All controls are triggered
All controls are triggered
All controls are triggered
All controls are triggered
All controls are triggered
All controls are triggered
All controls are triggered
All controls are triggered
All controls are triggered
All controls are triggered
All controls are triggered
All controls are triggered
All controls are triggered
All controls are triggered
All controls are triggered
All controls are triggered
All controls are triggered
All controls are triggered
All controls are triggered
All controls are triggered
All controls are triggered
All controls are triggered
All controls are triggered
All controls are triggered
All controls are triggered
All controls are triggered
All controls are triggered
All controls are triggered
All controls are triggered
All controls are triggered
All controls are triggered
All controls are triggered
All controls are triggered
All controls are triggered
All controls are triggered
All controls are triggered
All controls are triggered
All controls are triggered
All controls are triggered
All controls are triggered
All controls are triggered
All controls are triggered
All controls are triggered
All controls are triggered
All controls are triggered
All controls are triggered
All controls are triggered
All controls are triggered
All controls are triggered
All controls are triggered
All controls are triggered
All controls are triggered
All controls are triggered
All controls are triggered
All controls are triggered
All controls are triggered
All controls are triggered
All controls are triggered
All controls are triggered
All controls are triggered
All controls are triggered
All controls are triggered
All controls are triggered
All controls are triggered
All controls are triggered
All controls are triggered
All controls are triggered
All controls are triggered
All controls are triggered
All controls are triggered
All controls are triggered
All controls are triggered
All controls are triggered
All controls are triggered
All controls are triggered
All controls are triggered
All controls are triggered
All controls are triggered
All controls are triggered
All controls are triggered
All controls are triggered
All controls are triggered
All controls are triggered
All controls are triggered
All controls are triggered
All controls are triggered
All controls are triggered
All controls are triggered
All controls are triggered
All controls are triggered
All controls are triggered
All controls are triggered
All controls are triggered
All controls are triggered
All controls are triggered
All controls are triggered
All controls are triggered
All controls are triggered
All controls are triggered
All controls are triggered
All controls are triggered
All controls are triggered
All controls are triggered
All controls are triggered
All controls are triggered
All controls are triggered
All controls are triggered
All controls are triggered
All controls are triggered
All controls are triggered
All controls are triggered
All controls are triggered
All controls are triggered
All controls are triggered
All controls are triggered
All controls are triggered
All controls are triggered
All controls are triggered
All controls are triggered
All controls are triggered
All controls are triggered
All controls are triggered
All controls are triggered
All controls are triggered
All controls are triggered
All controls are triggered
All controls are triggered
All controls are triggered
All controls are triggered
All controls are triggered
All controls are triggered
All controls are triggered
All controls are triggered
All controls are triggered
All controls are triggered
All controls are triggered
All controls are triggered
All controls are triggered
All controls are triggered
All controls are triggered
All controls are triggered
All controls are triggered
All controls are triggered
All controls are triggered
All controls are triggered
All controls are triggered
All controls are triggered
All controls are triggered
All controls are triggered
All controls are triggered
All controls are triggered
All controls are triggered
All controls are triggered
All controls are triggered
All controls are triggered
All controls are triggered
All controls are triggered
All controls are triggered
All controls are triggered
All controls are triggered
All controls are triggered
All controls are triggered
All controls are triggered
All controls are triggered
All controls are triggered
All controls are triggered
All controls are triggered
All controls are triggered
All controls are triggered
All controls are triggered
All controls are triggered
All controls are triggered
All controls are triggered
All controls are triggered
All controls are triggered
All controls are triggered
All controls are triggered
All controls are triggered
All controls are triggered
All controls are triggered
All controls are triggered
All controls are triggered
All controls are triggered
All controls are triggered
All controls are triggered
All controls are triggered
All controls are triggered
All controls are triggered
All controls are triggered
All controls are triggered
All controls are triggered
All controls are triggered
All controls are triggered
All controls are triggered
All controls are triggered
All controls are triggered
All controls are triggered
All controls are triggered
All controls are triggered
All controls are triggered
All controls are triggered
All controls are triggered
All controls are triggered
All controls are triggered
All controls are triggered
All controls are triggered
All controls are triggered
All controls are triggered
All controls are triggered
All controls are triggered
All controls are triggered
All controls are triggered
All controls are triggered
All controls are triggered
All controls are triggered
All controls are triggered
All controls are triggered
All controls are triggered
All controls are triggered
All controls are triggered
All controls are triggered
All controls are triggered
All controls are triggered
All controls are triggered
All controls are triggered
All controls are triggered
All controls are triggered
All controls are triggered
All controls are triggered
All controls are triggered
All controls are triggered
All controls are triggered
All controls are triggered
All controls are triggered
All controls are triggered
All controls are triggered
All controls are triggered
All controls are triggered
All controls are triggered
All controls are triggered
All controls are triggered
All controls are triggered
All controls are triggered
All controls are triggered
All controls are triggered
All controls are triggered
All controls are triggered
All controls are triggered
All controls are triggered
All controls are triggered
All controls are triggered
All controls are triggered
All controls are triggered
All controls are triggered
All controls are triggered
All controls are triggered
All controls are triggered
All controls are triggered
All controls are triggered
All controls are triggered
All controls are triggered
All controls are triggered
All controls are triggered
All controls are triggered
All controls are triggered
All controls are triggered
All controls are triggered
All controls are triggered
All controls are triggered
All controls are triggered
All controls are triggered
All controls are triggered
All controls are triggered
All controls are triggered
All controls are triggered
All controls are triggered
All controls are triggered
All controls are triggered
All controls are triggered
All controls are triggered
All controls are triggered
All controls are triggered
All controls are triggered
All controls are triggered
All controls are triggered
All controls are triggered
All controls are triggered
All controls are triggered
All controls are triggered
All controls are triggered
All controls are triggered
All controls are triggered
All controls are triggered
All controls are triggered
All controls are triggered
All controls are triggered
All controls are triggered
All controls are triggered
All controls are triggered
All controls are triggered
All controls are triggered
All controls are triggered
All controls are triggered
All controls are triggered
All controls are triggered
All controls are triggered
All controls are triggered
All controls are triggered
All controls are triggered
All controls are triggered
All controls are triggered
All controls are triggered
All controls are triggered
All controls are triggered
All controls are triggered
All controls are triggered
All controls are triggered
All controls are triggered
All controls are triggered
All controls are triggered
All controls are triggered
[...]
All controls are triggered
All controls are triggered
All controls are triggered
All controls are triggered
All controls are triggered
All controls are triggered
All controls are triggered
All controls are triggered
All controls are triggered
All controls are triggered
All controls are triggered
All controls are triggered
All controls are triggered
All controls are triggered
All controls are triggered
All controls are triggered
All controls are triggered
All controls are triggered
All controls are triggered
All controls are triggered
All controls are triggered
All controls are triggered
All controls are triggered
All controls are triggered
All controls are triggered
All controls are triggered
All controls are triggered
All controls are triggered
All controls are triggered
All controls are triggered
All controls are triggered
All controls are triggered
All controls are triggered
All controls are triggered
All controls are triggered
All controls are triggered
All controls are triggered
All controls are triggered
All controls are triggered
All controls are triggered
All controls are triggered
All controls are triggered
All controls are triggered
All controls are triggered
All controls are triggered
All controls are triggered
All controls are triggered
All controls are triggered
All controls are triggered
All controls are triggered
All controls are triggered
All controls are triggered
All controls are triggered
All controls are triggered
All controls are triggered
All controls are triggered
All controls are triggered
All controls are triggered
All controls are triggered
All controls are triggered
All controls are triggered
All controls are triggered
All controls are triggered
All controls are triggered
All controls are triggered
All controls are triggered
All controls are triggered
All controls are triggered
All controls are triggered
All controls are triggered
All controls are triggered
All controls are triggered
All controls are triggered
All controls are triggered
All controls are triggered
All controls are triggered
All controls are triggered
All controls are triggered
All controls are triggered
All controls are triggered
All controls are triggered
All controls are triggered
All controls are triggered
All controls are triggered
All controls are triggered
All controls are triggered
All controls are triggered
All controls are triggered
All controls are triggered
All controls are triggered
All controls are triggered
All controls are triggered
All controls are triggered
All controls are triggered
All controls are triggered
All controls are triggered
All controls are triggered
All controls are triggered
All controls are triggered
All controls are triggered
All controls are triggered
All controls are triggered
All controls are triggered
All controls are triggered
All controls are triggered
All controls are triggered
All controls are triggered
All controls are triggered
All controls are triggered
All controls are triggered
All controls are triggered
All controls are triggered
All controls are triggered
All controls are triggered
All controls are triggered
All controls are triggered
All controls are triggered
All controls are triggered
All controls are triggered
All controls are triggered
All controls are triggered
All controls are triggered
All controls are triggered
All controls are triggered
All controls are triggered
All controls are triggered
All controls are triggered
All controls are triggered
All controls are triggered
All controls are triggered
All controls are triggered
All controls are triggered
All controls are triggered
All controls are triggered
All controls are triggered
All controls are triggered
All controls are triggered
All controls are triggered
All controls are triggered
All controls are triggered
All controls are triggered
All controls are triggered
All controls are triggered
All controls are triggered
All controls are triggered
All controls are triggered
All controls are triggered
All controls are triggered
All controls are triggered
All controls are triggered
All controls are triggered
All controls are triggered
All controls are triggered
All controls are triggered
All controls are triggered
All controls are triggered
All controls are triggered
All controls are triggered
All controls are triggered
All controls are triggered
All controls are triggered
All controls are triggered
All controls are triggered
All controls are triggered
All controls are triggered
All controls are triggered
All controls are triggered
All controls are triggered
All controls are triggered
All controls are triggered
All controls are triggered
All controls are triggered
All controls are triggered
All controls are triggered
All controls are triggered
All controls are triggered
All controls are triggered
All controls are triggered
All controls are triggered
All controls are triggered
All controls are triggered
All controls are triggered
All controls are triggered
All controls are triggered
All controls are triggered
All controls are triggered
All controls are triggered
All controls are triggered
All controls are triggered
All controls are triggered
All controls are triggered
All controls are triggered
All controls are triggered
All controls are triggered
All controls are triggered
All controls are triggered
All controls are triggered
All controls are triggered
All controls are triggered
All controls are triggered
All controls are triggered
All controls are triggered
All controls are triggered
All controls are triggered
All controls are triggered
All controls are triggered
All controls are triggered
All controls are triggered
All controls are triggered
All controls are triggered
All controls are triggered
All controls are triggered
All controls are triggered
All controls are triggered
All controls are triggered
All controls are triggered
All controls are triggered
All controls are triggered
All controls are triggered
All controls are triggered
All controls are triggered
All controls are triggered
All controls are triggered
All controls are triggered
All controls are triggered
All controls are triggered
All controls are triggered
All controls are triggered
All controls are triggered
All controls are triggered
All controls are triggered
All controls are triggered
All controls are triggered
All controls are triggered
All controls are triggered
All controls are triggered
All controls are triggered
All controls are triggered
All controls are triggered
All controls are triggered
All controls are triggered
All controls are triggered
All controls are triggered
All controls are triggered
All controls are triggered
All controls are triggered
All controls are triggered
All controls are triggered
All controls are triggered
All controls are triggered
All controls are triggered
All controls are triggered
All controls are triggered
All controls are triggered
All controls are triggered
All controls are triggered
All controls are triggered
All controls are triggered
All controls are triggered
All controls are triggered
All controls are triggered
All controls are triggered
All controls are triggered
All controls are triggered
All controls are triggered
Amount of object found : 0.00 objects/minutes.
The amount of objects found drop to zero, stop the scanning
✅ ScanInteractableObject has terminated his execution !
⏹ ScanInteractableObject finish ! - Moving on to the next child
➡ Launch of the next child : Simple Teleportation
📢 StartNextChild() called - Actual Index : 1
No Camera Floor Offset GameObject specified for XR Origin, using attached GameObject.
No Main Camera is found for XR Origin, please assign the Camera field manually.
▶ Activation of Simple Teleportation
🎬 Simple Teleportation initialised !
➡ Simple Teleportation begins his interaction !
Gaze Interactor not set or missing on Simple Teleportation (UnityEngine.XR.Interaction.Toolkit.Gaze.XRGazeAssistance). Disabling this XR Gaze Assistance component.
🚀 Téléportation of the player
Trying to teleport at : (-1.00, 1.39, -0.19)
[UnitySingleton] An instance of InriaTools.SeparateThread is needed in the scene, so '(singleton) InriaTools.SeparateThread (UnityEngine.GameObject)' was created with DontDestroyOnLoad.
Event Camera must be set on World Space Canvas to perform ray casts with tracked device. UI events will not function correctly until it is set.
Event Camera must be set on World Space Canvas to perform ray casts with tracked device. UI events will not function correctly until it is set.
Event Camera must be set on World Space Canvas to perform ray casts with tracked device. UI events will not function correctly until it is set.
Event Camera must be set on World Space Canvas to perform ray casts with tracked device. UI events will not function correctly until it is set.
Trying to teleport at : (-6.05, 1.39, 2.26)
TestGenerated - Teleportation
ORACLE CanTeleport - TestPassed - Teleportation successfully done at (0.00, 0.00, 0.00)
Trying to teleport at : (6.56, 1.39, 8.31)
TestGenerated - Teleportation
ORACLE CanTeleport - TestPassed - Teleportation successfully done at (-6.05, 1.39, 2.26)
Trying to teleport at : (5.01, 1.39, -2.54)
TestGenerated - Teleportation
ORACLE CanTeleport - TestPassed - Teleportation successfully done at (6.56, 1.39, 8.31)
Trying to teleport at : (4.80, 1.39, -4.51)
TestGenerated - Teleportation
ORACLE CanTeleport - TestPassed - Teleportation successfully done at (5.01, 1.39, -2.54)
Trying to teleport at : (-1.54, 1.39, 2.08)
TestGenerated - Teleportation
ORACLE CanTeleport - TestPassed - Teleportation successfully done at (4.80, 1.39, -4.51)
Trying to teleport at : (7.24, 1.39, -8.76)
TestGenerated - Teleportation
ORACLE CanTeleport - TestPassed - Teleportation successfully done at (-1.54, 1.39, 2.08)
Trying to teleport at : (5.53, 1.39, -8.14)
TestGenerated - Teleportation
ORACLE CanTeleport - TestPassed - Teleportation successfully done at (7.24, 1.39, -8.76)
Trying to teleport at : (3.05, 1.39, -4.56)
TestGenerated - Teleportation
ORACLE CanTeleport - TestPassed - Teleportation successfully done at (5.53, 1.39, -8.14)
Trying to teleport at : (3.67, 1.39, 3.48)
TestGenerated - Teleportation
ORACLE CanTeleport - TestPassed - Teleportation successfully done at (3.05, 1.39, -4.56)
Trying to teleport at : (-9.24, 1.39, -1.20)
TestGenerated - Teleportation
ORACLE CanTeleport - TestPassed - Teleportation successfully done at (3.67, 1.39, 3.48)
Trying to teleport at : (-3.57, 1.39, 8.19)
TestGenerated - Teleportation
ORACLE CanTeleport - TestPassed - Teleportation successfully done at (-9.24, 1.39, -1.20)
Trying to teleport at : (-9.69, 1.39, -8.63)
TestGenerated - Teleportation
ORACLE CanTeleport - TestPassed - Teleportation successfully done at (-3.57, 1.39, 8.19)
Trying to teleport at : (-8.88, 1.39, 4.70)
TestGenerated - Teleportation
ORACLE CanTeleport - TestPassed - Teleportation successfully done at (-9.69, 1.39, -8.63)
Trying to teleport at : (9.16, 1.39, 2.46)
TestGenerated - Teleportation
ORACLE CanTeleport - TestPassed - Teleportation successfully done at (-8.88, 1.39, 4.70)
✅ Simple Teleportation has terminated his execution !
⏹ Simple Teleportation finish ! - Moving on to the next child
➡ Launch of the next child : Teleportation Outside scene
📢 StartNextChild() called - Actual Index : 2
▶ Activation of Teleportation Outside scene
🎬 Teleportation Outside scene initialised !
➡ Teleportation Outside scene begins his interaction !
TestGenerated - OutsideSceneTeleportation
ORACLE OutsideSceneTeleportation - TestFailed - A player cannot teleport outside the scene at position: (-1927916.00, 1.38, 2940385.00)
TestGenerated - OutsideSceneTeleportation
ORACLE OutsideSceneTeleportation - TestFailed - A player cannot teleport outside the scene at position: (-1686536.00, 1.38, 3038795.00)
TestGenerated - OutsideSceneTeleportation
ORACLE OutsideSceneTeleportation - TestFailed - A player cannot teleport outside the scene at position: (243487.30, 1.38, -3129327.00)
TestGenerated - OutsideSceneTeleportation
ORACLE OutsideSceneTeleportation - TestFailed - A player cannot teleport outside the scene at position: (2366534.00, 1.38, 1358041.00)
TestGenerated - OutsideSceneTeleportation
ORACLE OutsideSceneTeleportation - TestFailed - A player cannot teleport outside the scene at position: (3300128.00, 1.38, 13234.21)
TestGenerated - OutsideSceneTeleportation
ORACLE OutsideSceneTeleportation - TestFailed - A player cannot teleport outside the scene at position: (909106.60, 1.38, 3330984.00)
TestGenerated - OutsideSceneTeleportation
ORACLE OutsideSceneTeleportation - TestFailed - A player cannot teleport outside the scene at position: (-411740.40, 1.38, 2362916.00)
TestGenerated - OutsideSceneTeleportation
ORACLE OutsideSceneTeleportation - TestFailed - A player cannot teleport outside the scene at position: (-1170481.00, 1.38, 586445.80)
TestGenerated - OutsideSceneTeleportation
ORACLE OutsideSceneTeleportation - TestFailed - A player cannot teleport outside the scene at position: (236813.60, 1.38, 3521820.00)
TestGenerated - OutsideSceneTeleportation
ORACLE OutsideSceneTeleportation - TestFailed - A player cannot teleport outside the scene at position: (-1914727.00, 1.38, 2158795.00)
TestGenerated - OutsideSceneTeleportation
ORACLE OutsideSceneTeleportation - TestFailed - A player cannot teleport outside the scene at position: (724451.90, 1.38, 1702751.00)
TestGenerated - OutsideSceneTeleportation
ORACLE OutsideSceneTeleportation - TestFailed - A player cannot teleport outside the scene at position: (155641.50, 1.38, 1293606.00)
TestGenerated - OutsideSceneTeleportation
ORACLE OutsideSceneTeleportation - TestFailed - A player cannot teleport outside the scene at position: (-17848.20, 1.38, 3527165.00)
TestGenerated - OutsideSceneTeleportation
ORACLE OutsideSceneTeleportation - TestFailed - A player cannot teleport outside the scene at position: (207163.50, 1.38, -98217.45)
TestGenerated - OutsideSceneTeleportation
ORACLE OutsideSceneTeleportation - TestFailed - A player cannot teleport outside the scene at position: (-155041.80, 1.38, 3113191.00)
✅ Teleportation Outside scene has terminated his execution !
⏹ Teleportation Outside scene finish ! - Moving on to the next child
➡ Launch of the next child : Teleport in interactable Object
📢 StartNextChild() called - Actual Index : 3
▶ Activation of Teleport in interactable Object
🎬 Teleport in interactable Object initialised !
➡ Teleport in interactable Object begins his interaction !
Positions read from file: 10
Teleport log written to: Logs/TESTREPLAY/SizeScene\TESTREPLAY_SizeScene_6673_22092026_RUN_2.txt
TestGenerated - InObjectSceneTeleportation
ORACLE InObjectScene - TestFailed - Teleportation into covered object detected: (2.49, 0.71, -2.13)
TestGenerated - InObjectSceneTeleportation
ORACLE InObjectScene - TestFailed - Teleportation into covered object detected: (0.00, 0.00, 0.00)
TestGenerated - InObjectSceneTeleportation
ORACLE InObjectScene - TestFailed - Teleportation into covered object detected: (3.25, 2.81, 0.50)
TestGenerated - InObjectSceneTeleportation
ORACLE InObjectScene - TestFailed - Teleportation into covered object detected: (2.51, 1.40, -2.98)
TestGenerated - InObjectSceneTeleportation
ORACLE InObjectScene - TestFailed - Teleportation into covered object detected: (2.61, 0.95, -0.16)
TestGenerated - InObjectSceneTeleportation
ORACLE InObjectScene - TestFailed - Teleportation into covered object detected: (2.50, 1.60, -2.98)
TestGenerated - InObjectSceneTeleportation
ORACLE InObjectScene - TestFailed - Teleportation into covered object detected: (2.51, 1.19, -2.98)
TestGenerated - InObjectSceneTeleportation
ORACLE InObjectScene - TestFailed - Teleportation into covered object detected: (2.51, 0.99, -2.98)
All positions have been reached!
✅ Teleport in interactable Object has terminated his execution !
⏹ Teleport in interactable Object finish ! - Moving on to the next child
➡ Launch of the next child : Object colission
📢 StartNextChild() called - Actual Index : 4
▶ Activation of Object colission
🎬 Object colission initialised !
➡ Object colission begins his interaction !
Positions read from file: 10
Cube position: (2.15, 1.16, -2.98)
TestGenerated - CollisionDetection
ORACLE CollisionDetection - TestPassed - Collision successfully done with Arch_Interactable at: (2.49, 0.71, -2.13)
Cube position: (2.49, 0.71, -2.13)
TestGenerated - CollisionDetection
ORACLE CollisionDetection - TestPassed - Collision successfully done with Floor at: (0.00, 0.00, 0.00)
Cube position: (0.00, 0.00, 0.00)
TestGenerated - CollisionDetection
ORACLE CollisionDetection - TestFailed - No valid collision detected at: (3.25, 2.81, 0.50)
Cube position: (3.25, 2.81, 0.50)
✅ Object colission has terminated his execution !
⏹ Object colission finish ! - Moving on to the next child
➡ Launch of the next child : Move Object To Origin
📢 StartNextChild() called - Actual Index : 5
There are multiple active and enabled XR Interaction Manager components in the loaded scenes. This is supported, but may not be intended since interactors and interactables are not able to interact with those registered to a different manager. You can use the <b>Window</b> > <b>Analysis</b> > <b>XR Interaction Debugger</b> window to verify the interactors and interactables registered with each. The default manager that interactors and interactables automatically register with when None is: <b>SampleScene</b>/XRInteractionManager
▶ Activation of Move Object To Origin
🎬 Move Object To Origin initialised !
➡ Move Object To Origin begins his interaction !
🚀 Téléportation of the player
Trying to teleport at : (-4.94, 0.28, 1.15)
Cube position: (-4.94, 0.28, 1.15)
TestGenerated - CollisionDetection
ORACLE CollisionDetection - TestPassed - Collision successfully done with Cube_COL at: (2.51, 1.40, -2.98)
Cube position: (2.51, 1.40, -2.98)
Trying to teleport at : (-7.50, 0.28, -9.42)
ORACLE MoveObjectToOrigin - TestGenerated
ORACLE MoveObjectToOrigin - TestPassed - Blaster was moved to the origin.
Cube position: (-7.50, 0.28, -9.42)
✅ Move Object To Origin has terminated his execution !
⏹ Move Object To Origin finish ! - Moving on to the next child
➡ Launch of the next child : Rapport generator
📢 StartNextChild() called - Actual Index : 6
▶ Activation of Rapport generator
🎬 Rapport generator initialised !
➡ Rapport generator begins his interaction !
The HTML report has been successfully generated: report_HTML.html
Folder path: C:/Users/glongfil/Documents/GitHub/UltraInstinctVR/CodeBase/Assets\..\Logs\coverage
Coverage Summary not found at: CodeCoverage/Report/Summary.xml
✅ Rapport generator has terminated his execution !
⏹ Rapport generator finish ! - Moving on to the next child
✅ Test Suite terminated !
ACTION_DONE
[TEST] End wait at 306.2251
[Code Coverage] Code Coverage results for visited sequence points were saved in C:/Users/glongfil/Documents/GitHub/UltraInstinctVR/CodeBase/CodeCoverage/CodeBase-opencov/PlayMode/TestCoverageResults_0001.xml
[Code Coverage] Code Coverage Report was generated in C:/Users/glongfil/Documents/GitHub/UltraInstinctVR/CodeBase/CodeCoverage/Report
Included Assemblies: Assembly-CSharp
Excluded Assemblies: <Not specified>
Included Paths: C:/Users/glongfil/Documents/GitHub/UltraInstinctVR/CodeBase/Assets/**
Excluded Paths: C:/Users/glongfil/Documents/GitHub/UltraInstinctVR/CodeBase/Packages/**
Saving results to: C:/Users/glongfil/AppData/LocalLow/DefaultCompany/My project\TestResults.xml
]]></output>
        </test-case>
      </test-suite>
    </test-suite>
  </test-suite>
</test-run>