<?xml version="1.0" encoding="utf-8"?>
<CoverageSession xmlns:xsd="http://www.w3.org/2001/XMLSchema" xmlns:xsi="http://www.w3.org/2001/XMLSchema-instance" Version="0.0.0.0">
  <Summary numSequencePoints="1997" visitedSequencePoints="1655" numBranchPoints="0" visitedBranchPoints="0" sequenceCoverage="82.87" branchCoverage="0.0" maxCyclomaticComplexity="25" minCyclomaticComplexity="1" maxCrapScore="90.03" minCrapScore="1" visitedClasses="66" numClasses="66" visitedMethods="209" numMethods="209" />
  <Modules>
    <Module>
      <Summary numSequencePoints="1997" visitedSequencePoints="1655" numBranchPoints="0" visitedBranchPoints="0" sequenceCoverage="82.87" branchCoverage="0.0" maxCyclomaticComplexity="25" minCyclomaticComplexity="1" maxCrapScore="90.03" minCrapScore="1" visitedClasses="66" numClasses="66" visitedMethods="209" numMethods="209" />
      <ModuleTime>0001-01-01T00:00:00</ModuleTime>
      <ModuleName>Assembly-CSharp</ModuleName>
      <Files>
        <File uid="1" fullPath="C:/Users/glongfil/Documents/GitHub/UltraInstinctVR/CodeBase/Assets/Scripts/Effector/ObjectSelectionEffector.cs" />
        <File uid="2" fullPath="C:/Users/glongfil/Documents/GitHub/UltraInstinctVR/CodeBase/Assets/Scripts/Interaction/GameObjectMovement/Collision.cs" />
        <File uid="3" fullPath="C:/Users/glongfil/Documents/GitHub/UltraInstinctVR/CodeBase/Assets/Scripts/Interaction/GameObjectMovement/SelectAndMoveToOrigin.cs" />
        <File uid="4" fullPath="C:/Users/glongfil/Documents/GitHub/UltraInstinctVR/CodeBase/Assets/Scripts/Interaction/Teleportation/TeleportAtObject.cs" />
        <File uid="5" fullPath="C:/Users/glongfil/Documents/GitHub/UltraInstinctVR/CodeBase/Assets/Scripts/Interaction/Teleportation/TeleportPlayer.cs" />
        <File uid="6" fullPath="C:/Users/glongfil/Documents/GitHub/UltraInstinctVR/CodeBase/Assets/Scripts/Interaction/VRTest/Logs.cs" />
        <File uid="7" fullPath="C:/Users/glongfil/Documents/GitHub/UltraInstinctVR/CodeBase/Assets/Scripts/Interaction/VRTest/MouseOperation.cs" />
        <File uid="8" fullPath="C:/Users/glongfil/Documents/GitHub/UltraInstinctVR/CodeBase/Assets/Scripts/Interaction/VRTest/VRGreed.cs" />
        <File uid="9" fullPath="C:/Users/glongfil/Documents/GitHub/UltraInstinctVR/CodeBase/Assets/Scripts/Interaction/VRTest/VRGuide.cs" />
        <File uid="10" fullPath="C:/Users/glongfil/Documents/GitHub/UltraInstinctVR/CodeBase/Assets/Scripts/Interaction/VRTest/VRMovementHandler.cs" />
        <File uid="11" fullPath="C:/Users/glongfil/Documents/GitHub/UltraInstinctVR/CodeBase/Assets/Scripts/Interaction/VRTest/VRTest.cs" />
        <File uid="12" fullPath="C:/Users/glongfil/Documents/GitHub/UltraInstinctVR/CodeBase/Assets/Scripts/Interaction/VRTest/VRTriggerHandler.cs" />
        <File uid="13" fullPath="C:/Users/glongfil/Documents/GitHub/UltraInstinctVR/CodeBase/Assets/Scripts/RandomBaseline.cs" />
        <File uid="14" fullPath="C:/Users/glongfil/Documents/GitHub/UltraInstinctVR/CodeBase/Assets/Scripts/ScriptsReplay/TeleportReplay.cs" />
        <File uid="15" fullPath="C:/Users/glongfil/Documents/GitHub/UltraInstinctVR/CodeBase/Assets/Scripts/Sensors/SelectionSensor.cs" />
        <File uid="16" fullPath="C:/Users/glongfil/Documents/GitHub/UltraInstinctVR/CodeBase/Assets/Scripts/Sensors/TeleportationSensor.cs" />
        <File uid="17" fullPath="C:/Users/glongfil/Documents/GitHub/UltraInstinctVR/CodeBase/Assets/Scripts/Utils/CountInteractableObject.cs" />
        <File uid="18" fullPath="C:/Users/glongfil/Documents/GitHub/UltraInstinctVR/CodeBase/Assets/Scripts/Utils/CoverageToCSV.cs" />
        <File uid="19" fullPath="C:/Users/glongfil/Documents/GitHub/UltraInstinctVR/CodeBase/Assets/Scripts/Utils/GetCPUTime.cs" />
        <File uid="20" fullPath="C:/Users/glongfil/Documents/GitHub/UltraInstinctVR/CodeBase/Assets/Scripts/Utils/LogAnalyser.cs" />
        <File uid="21" fullPath="C:/Users/glongfil/Documents/GitHub/UltraInstinctVR/CodeBase/Assets/Scripts/Utils/LogPerformance.cs" />
        <File uid="22" fullPath="C:/Users/glongfil/Documents/GitHub/UltraInstinctVR/CodeBase/Assets/Scripts/Utils/ParentController.cs" />
        <File uid="23" fullPath="C:/Users/glongfil/Documents/GitHub/UltraInstinctVR/CodeBase/Assets/Scripts/XRIntTest.cs" />
        <File uid="24" fullPath="C:/Users/glongfil/Documents/GitHub/UltraInstinctVR/CodeBase/Assets/Scripts/XRintTestCore/IFGGenerator.cs" />
        <File uid="25" fullPath="C:/Users/glongfil/Documents/GitHub/UltraInstinctVR/CodeBase/Assets/Scripts/XRintTestCore/SceneConfigurator.cs" />
        <File uid="26" fullPath="C:/Users/glongfil/Documents/GitHub/UltraInstinctVR/CodeBase/Assets/Scripts/XRintTestCore/Utils.cs" />
        <File uid="27" fullPath="C:/Users/glongfil/Documents/GitHub/UltraInstinctVR/CodeBase/Assets/Scripts/XRintTestCore/XRInputManager.cs" />
        <File uid="28" fullPath="C:/Users/glongfil/Documents/GitHub/UltraInstinctVR/CodeBase/Assets/Scripts/XRintTestCore/XRInteractionStrategies.cs" />
        <File uid="29" fullPath="C:/Users/glongfil/Documents/GitHub/UltraInstinctVR/CodeBase/Assets/VRTemplateAssets/Scripts/AnchorVisuals.cs" />
        <File uid="30" fullPath="C:/Users/glongfil/Documents/GitHub/UltraInstinctVR/CodeBase/Assets/VRTemplateAssets/Scripts/BezierCurve.cs" />
        <File uid="31" fullPath="C:/Users/glongfil/Documents/GitHub/UltraInstinctVR/CodeBase/Assets/VRTemplateAssets/Scripts/BooleanToggleVisualsController.cs" />
        <File uid="32" fullPath="C:/Users/glongfil/Documents/GitHub/UltraInstinctVR/CodeBase/Assets/VRTemplateAssets/Scripts/Callout.cs" />
        <File uid="33" fullPath="C:/Users/glongfil/Documents/GitHub/UltraInstinctVR/CodeBase/Assets/VRTemplateAssets/Scripts/CalloutGazeController.cs" />
        <File uid="34" fullPath="C:/Users/glongfil/Documents/GitHub/UltraInstinctVR/CodeBase/Assets/VRTemplateAssets/Scripts/DestroyObject.cs" />
        <File uid="35" fullPath="C:/Users/glongfil/Documents/GitHub/UltraInstinctVR/CodeBase/Assets/VRTemplateAssets/Scripts/HandSubsystemManager.cs" />
        <File uid="36" fullPath="C:/Users/glongfil/Documents/GitHub/UltraInstinctVR/CodeBase/Assets/VRTemplateAssets/Scripts/LaunchProjectile.cs" />
        <File uid="37" fullPath="C:/Users/glongfil/Documents/GitHub/UltraInstinctVR/CodeBase/Assets/VRTemplateAssets/Scripts/RayAttachModifier.cs" />
        <File uid="38" fullPath="C:/Users/glongfil/Documents/GitHub/UltraInstinctVR/CodeBase/Assets/VRTemplateAssets/Scripts/Rotator.cs" />
        <File uid="39" fullPath="C:/Users/glongfil/Documents/GitHub/UltraInstinctVR/CodeBase/Assets/VRTemplateAssets/Scripts/StepManager.cs" />
        <File uid="40" fullPath="C:/Users/glongfil/Documents/GitHub/UltraInstinctVR/CodeBase/Assets/VRTemplateAssets/Scripts/VideoPlayerRenderTexture.cs" />
        <File uid="41" fullPath="C:/Users/glongfil/Documents/GitHub/UltraInstinctVR/CodeBase/Assets/VRTemplateAssets/Scripts/VideoTimeScrubControl.cs" />
        <File uid="42" fullPath="C:/Users/glongfil/Documents/GitHub/UltraInstinctVR/CodeBase/Assets/VRTemplateAssets/Scripts/XRKnob.cs" />
        <File uid="43" fullPath="C:/Users/glongfil/Documents/GitHub/UltraInstinctVR/CodeBase/Assets/VRTemplateAssets/Scripts/XRPokeFollowAffordanceFill.cs" />
        <File uid="44" fullPath="C:/Users/glongfil/Documents/GitHub/UltraInstinctVR/CodeBase/Assets/Scripts/Utils/GetStartTime.cs" />
        <File uid="45" fullPath="C:/Users/glongfil/Documents/GitHub/UltraInstinctVR/CodeBase/Assets/Scripts/Utils/GenerateReport.cs" />
        <File uid="46" fullPath="C:/Users/glongfil/Documents/GitHub/UltraInstinctVR/CodeBase/Assets/Scripts/Utils/ChildBehavior.cs" />
        <File uid="47" fullPath="C:/Users/glongfil/Documents/GitHub/UltraInstinctVR/CodeBase/Assets/Scripts/Interaction/VRTest/VRLogger.cs" />
        <File uid="48" fullPath="C:/Users/glongfil/Documents/GitHub/UltraInstinctVR/CodeBase/Assets/Scripts/Interaction/Teleportation/SizeScene.cs" />
        <File uid="49" fullPath="C:/Users/glongfil/Documents/GitHub/UltraInstinctVR/CodeBase/Assets/Scripts/Effector/TeleportationEffector.cs" />
        <File uid="50" fullPath="C:/Users/glongfil/Documents/GitHub/UltraInstinctVR/CodeBase/Assets/Scripts/Effector/OutsideSceneEffector.cs" />
        <File uid="51" fullPath="C:/Users/glongfil/Documents/GitHub/UltraInstinctVR/CodeBase/Assets/Scripts/Effector/MoveObjectToOriginEffector.cs" />
        <File uid="52" fullPath="C:/Users/glongfil/Documents/GitHub/UltraInstinctVR/CodeBase/Assets/Scripts/Effector/InObjectSceneEffector.cs" />
        <File uid="53" fullPath="C:/Users/glongfil/Documents/GitHub/UltraInstinctVR/CodeBase/Assets/Scripts/Effector/CollisionEffector.cs" />
      </Files>
      <Classes>
        <Class>
          <Summary numSequencePoints="55" visitedSequencePoints="39" numBranchPoints="0" visitedBranchPoints="0" sequenceCoverage="70.91" branchCoverage="0.0" maxCyclomaticComplexity="3" minCyclomaticComplexity="1" maxCrapScore="3.88" minCrapScore="1" visitedClasses="1" numClasses="1" visitedMethods="5" numMethods="5" />
          <FullName>TeleportAtObject</FullName>
          <Methods>
            <Method visited="true" cyclomaticComplexity="2" nPathComplexity="0" sequenceCoverage="70.00" branchCoverage="0" crapScore="2.11" isConstructor="false" isStatic="false" isGetter="false" isSetter="false">
              <Summary numSequencePoints="10" visitedSequencePoints="7" numBranchPoints="0" visitedBranchPoints="0" sequenceCoverage="70.00" branchCoverage="0" maxCyclomaticComplexity="2" minCyclomaticComplexity="2" maxCrapScore="2.11" minCrapScore="2.11" visitedClasses="0" numClasses="0" visitedMethods="1" numMethods="1" />
              <MetadataToken>100663330</MetadataToken>
              <Name>System.Void TeleportAtObject::Start()</Name>
              <FileRef uid="4" />
              <SequencePoints>
                <SequencePoint vc="2" uspid="3723" ordinal="0" offset="0" sl="31" sc="5" el="31" ec="5" bec="0" bev="0" fileid="4">
                  <TrackedMethodRefs>
                    <TrackedMethodRef uid="0" vc="2" />
                  </TrackedMethodRefs>
                </SequencePoint>
                <SequencePoint vc="2" uspid="3724" ordinal="0" offset="1" sl="33" sc="9" el="33" ec="9" bec="0" bev="0" fileid="4">
                  <TrackedMethodRefs>
                    <TrackedMethodRef uid="0" vc="2" />
                  </TrackedMethodRefs>
                </SequencePoint>
                <SequencePoint vc="2" uspid="3725" ordinal="0" offset="8" sl="36" sc="9" el="36" ec="9" bec="0" bev="0" fileid="4">
                  <TrackedMethodRefs>
                    <TrackedMethodRef uid="0" vc="2" />
                  </TrackedMethodRefs>
                </SequencePoint>
                <SequencePoint vc="2" uspid="3726" ordinal="0" offset="26" sl="37" sc="9" el="37" ec="9" bec="0" bev="0" fileid="4">
                  <TrackedMethodRefs>
                    <TrackedMethodRef uid="0" vc="2" />
                  </TrackedMethodRefs>
                </SequencePoint>
                <SequencePoint vc="2" uspid="3727" ordinal="0" offset="27" sl="38" sc="13" el="38" ec="13" bec="0" bev="0" fileid="4">
                  <TrackedMethodRefs>
                    <TrackedMethodRef uid="0" vc="2" />
                  </TrackedMethodRefs>
                </SequencePoint>
                <SequencePoint vc="2" uspid="3728" ordinal="0" offset="40" sl="39" sc="9" el="39" ec="9" bec="0" bev="0" fileid="4">
                  <TrackedMethodRefs>
                    <TrackedMethodRef uid="0" vc="2" />
                  </TrackedMethodRefs>
                </SequencePoint>
                <SequencePoint vc="0" uspid="3729" ordinal="0" offset="43" sl="41" sc="9" el="41" ec="9" bec="0" bev="0" fileid="4">
                  <TrackedMethodRefs>
                    <TrackedMethodRef uid="0" vc="0" />
                  </TrackedMethodRefs>
                </SequencePoint>
                <SequencePoint vc="0" uspid="3730" ordinal="0" offset="44" sl="42" sc="13" el="42" ec="13" bec="0" bev="0" fileid="4">
                  <TrackedMethodRefs>
                    <TrackedMethodRef uid="0" vc="0" />
                  </TrackedMethodRefs>
                </SequencePoint>
                <SequencePoint vc="0" uspid="3731" ordinal="0" offset="55" sl="43" sc="9" el="43" ec="9" bec="0" bev="0" fileid="4">
                  <TrackedMethodRefs>
                    <TrackedMethodRef uid="0" vc="0" />
                  </TrackedMethodRefs>
                </SequencePoint>
                <SequencePoint vc="2" uspid="3732" ordinal="0" offset="56" sl="44" sc="5" el="44" ec="5" bec="0" bev="0" fileid="4">
                  <TrackedMethodRefs>
                    <TrackedMethodRef uid="0" vc="2" />
                  </TrackedMethodRefs>
                </SequencePoint>
              </SequencePoints>
              <BranchPoints />
            </Method>
            <Method visited="true" cyclomaticComplexity="3" nPathComplexity="0" sequenceCoverage="81.25" branchCoverage="0" crapScore="3.06" isConstructor="false" isStatic="false" isGetter="false" isSetter="false">
              <Summary numSequencePoints="16" visitedSequencePoints="13" numBranchPoints="0" visitedBranchPoints="0" sequenceCoverage="81.25" branchCoverage="0" maxCyclomaticComplexity="3" minCyclomaticComplexity="3" maxCrapScore="3.06" minCrapScore="3.06" visitedClasses="0" numClasses="0" visitedMethods="1" numMethods="1" />
              <MetadataToken>100663331</MetadataToken>
              <Name>System.Void TeleportAtObject::ReadPositionsFromFile()</Name>
              <FileRef uid="4" />
              <SequencePoints>
                <SequencePoint vc="2" uspid="3733" ordinal="0" offset="0" sl="50" sc="5" el="50" ec="5" bec="0" bev="0" fileid="4">
                  <TrackedMethodRefs>
                    <TrackedMethodRef uid="0" vc="2" />
                  </TrackedMethodRefs>
                </SequencePoint>
                <SequencePoint vc="2" uspid="3734" ordinal="0" offset="1" sl="51" sc="9" el="51" ec="9" bec="0" bev="0" fileid="4">
                  <TrackedMethodRefs>
                    <TrackedMethodRef uid="0" vc="2" />
                  </TrackedMethodRefs>
                </SequencePoint>
                <SequencePoint vc="0" uspid="3735" ordinal="0" offset="19" sl="52" sc="9" el="52" ec="9" bec="0" bev="0" fileid="4">
                  <TrackedMethodRefs>
                    <TrackedMethodRef uid="0" vc="0" />
                  </TrackedMethodRefs>
                </SequencePoint>
                <SequencePoint vc="0" uspid="3736" ordinal="0" offset="20" sl="53" sc="13" el="53" ec="13" bec="0" bev="0" fileid="4">
                  <TrackedMethodRefs>
                    <TrackedMethodRef uid="0" vc="0" />
                  </TrackedMethodRefs>
                </SequencePoint>
                <SequencePoint vc="0" uspid="3737" ordinal="0" offset="42" sl="54" sc="13" el="54" ec="13" bec="0" bev="0" fileid="4">
                  <TrackedMethodRefs>
                    <TrackedMethodRef uid="0" vc="0" />
                  </TrackedMethodRefs>
                </SequencePoint>
                <SequencePoint vc="2" uspid="3738" ordinal="0" offset="44" sl="57" sc="9" el="57" ec="9" bec="0" bev="0" fileid="4">
                  <TrackedMethodRefs>
                    <TrackedMethodRef uid="0" vc="2" />
                  </TrackedMethodRefs>
                </SequencePoint>
                <SequencePoint vc="2" uspid="3739" ordinal="0" offset="56" sl="58" sc="9" el="58" ec="9" bec="0" bev="0" fileid="4">
                  <TrackedMethodRefs>
                    <TrackedMethodRef uid="0" vc="2" />
                  </TrackedMethodRefs>
                </SequencePoint>
                <SequencePoint vc="2" uspid="3740" ordinal="0" offset="62" sl="60" sc="9" el="60" ec="9" bec="0" bev="0" fileid="4">
                  <TrackedMethodRefs>
                    <TrackedMethodRef uid="0" vc="2" />
                  </TrackedMethodRefs>
                </SequencePoint>
                <SequencePoint vc="2" uspid="3741" ordinal="0" offset="63" sl="60" sc="33" el="60" ec="33" bec="0" bev="0" fileid="4">
                  <TrackedMethodRefs>
                    <TrackedMethodRef uid="0" vc="2" />
                  </TrackedMethodRefs>
                </SequencePoint>
                <SequencePoint vc="20" uspid="3742" ordinal="0" offset="70" sl="60" sc="18" el="60" ec="18" bec="0" bev="0" fileid="4">
                  <TrackedMethodRefs>
                    <TrackedMethodRef uid="0" vc="20" />
                  </TrackedMethodRefs>
                </SequencePoint>
                <SequencePoint vc="20" uspid="3743" ordinal="0" offset="76" sl="61" sc="9" el="61" ec="9" bec="0" bev="0" fileid="4">
                  <TrackedMethodRefs>
                    <TrackedMethodRef uid="0" vc="20" />
                  </TrackedMethodRefs>
                </SequencePoint>
                <SequencePoint vc="20" uspid="3744" ordinal="0" offset="77" sl="62" sc="13" el="62" ec="13" bec="0" bev="0" fileid="4">
                  <TrackedMethodRefs>
                    <TrackedMethodRef uid="0" vc="20" />
                  </TrackedMethodRefs>
                </SequencePoint>
                <SequencePoint vc="20" uspid="3745" ordinal="0" offset="87" sl="63" sc="9" el="63" ec="9" bec="0" bev="0" fileid="4">
                  <TrackedMethodRefs>
                    <TrackedMethodRef uid="0" vc="20" />
                  </TrackedMethodRefs>
                </SequencePoint>
                <SequencePoint vc="22" uspid="3746" ordinal="0" offset="94" sl="60" sc="30" el="60" ec="30" bec="0" bev="0" fileid="4">
                  <TrackedMethodRefs>
                    <TrackedMethodRef uid="0" vc="22" />
                  </TrackedMethodRefs>
                </SequencePoint>
                <SequencePoint vc="2" uspid="3747" ordinal="0" offset="101" sl="65" sc="9" el="65" ec="9" bec="0" bev="0" fileid="4">
                  <TrackedMethodRefs>
                    <TrackedMethodRef uid="0" vc="2" />
                  </TrackedMethodRefs>
                </SequencePoint>
                <SequencePoint vc="2" uspid="3748" ordinal="0" offset="137" sl="66" sc="5" el="66" ec="5" bec="0" bev="0" fileid="4">
                  <TrackedMethodRefs>
                    <TrackedMethodRef uid="0" vc="2" />
                  </TrackedMethodRefs>
                </SequencePoint>
              </SequencePoints>
              <BranchPoints />
            </Method>
            <Method visited="true" cyclomaticComplexity="3" nPathComplexity="0" sequenceCoverage="53.85" branchCoverage="0" crapScore="3.88" isConstructor="false" isStatic="false" isGetter="false" isSetter="false">
              <Summary numSequencePoints="13" visitedSequencePoints="7" numBranchPoints="0" visitedBranchPoints="0" sequenceCoverage="53.85" branchCoverage="0" maxCyclomaticComplexity="3" minCyclomaticComplexity="3" maxCrapScore="3.88" minCrapScore="3.88" visitedClasses="0" numClasses="0" visitedMethods="1" numMethods="1" />
              <MetadataToken>100663332</MetadataToken>
              <Name>System.Void TeleportAtObject::ProcessLine(System.String, System.String)</Name>
              <FileRef uid="4" />
              <SequencePoints>
                <SequencePoint vc="20" uspid="3749" ordinal="0" offset="0" sl="76" sc="5" el="76" ec="5" bec="0" bev="0" fileid="4">
                  <TrackedMethodRefs>
                    <TrackedMethodRef uid="0" vc="20" />
                  </TrackedMethodRefs>
                </SequencePoint>
                <SequencePoint vc="20" uspid="3750" ordinal="0" offset="1" sl="77" sc="9" el="77" ec="9" bec="0" bev="0" fileid="4">
                  <TrackedMethodRefs>
                    <TrackedMethodRef uid="0" vc="20" />
                  </TrackedMethodRefs>
                </SequencePoint>
                <SequencePoint vc="20" uspid="3751" ordinal="0" offset="9" sl="78" sc="9" el="78" ec="9" bec="0" bev="0" fileid="4">
                  <TrackedMethodRefs>
                    <TrackedMethodRef uid="0" vc="20" />
                  </TrackedMethodRefs>
                </SequencePoint>
                <SequencePoint vc="0" uspid="3752" ordinal="0" offset="22" sl="79" sc="9" el="79" ec="9" bec="0" bev="0" fileid="4">
                  <TrackedMethodRefs>
                    <TrackedMethodRef uid="0" vc="0" />
                  </TrackedMethodRefs>
                </SequencePoint>
                <SequencePoint vc="0" uspid="3753" ordinal="0" offset="23" sl="80" sc="13" el="80" ec="13" bec="0" bev="0" fileid="4">
                  <TrackedMethodRefs>
                    <TrackedMethodRef uid="0" vc="0" />
                  </TrackedMethodRefs>
                </SequencePoint>
                <SequencePoint vc="0" uspid="3754" ordinal="0" offset="40" sl="81" sc="13" el="81" ec="13" bec="0" bev="0" fileid="4">
                  <TrackedMethodRefs>
                    <TrackedMethodRef uid="0" vc="0" />
                  </TrackedMethodRefs>
                </SequencePoint>
                <SequencePoint vc="20" uspid="3755" ordinal="0" offset="42" sl="84" sc="9" el="84" ec="9" bec="0" bev="0" fileid="4">
                  <TrackedMethodRefs>
                    <TrackedMethodRef uid="0" vc="20" />
                  </TrackedMethodRefs>
                </SequencePoint>
                <SequencePoint vc="20" uspid="3756" ordinal="0" offset="68" sl="85" sc="9" el="85" ec="9" bec="0" bev="0" fileid="4">
                  <TrackedMethodRefs>
                    <TrackedMethodRef uid="0" vc="20" />
                  </TrackedMethodRefs>
                </SequencePoint>
                <SequencePoint vc="0" uspid="3757" ordinal="0" offset="81" sl="86" sc="9" el="86" ec="9" bec="0" bev="0" fileid="4">
                  <TrackedMethodRefs>
                    <TrackedMethodRef uid="0" vc="0" />
                  </TrackedMethodRefs>
                </SequencePoint>
                <SequencePoint vc="0" uspid="3758" ordinal="0" offset="82" sl="87" sc="13" el="87" ec="13" bec="0" bev="0" fileid="4">
                  <TrackedMethodRefs>
                    <TrackedMethodRef uid="0" vc="0" />
                  </TrackedMethodRefs>
                </SequencePoint>
                <SequencePoint vc="0" uspid="3759" ordinal="0" offset="99" sl="88" sc="13" el="88" ec="13" bec="0" bev="0" fileid="4">
                  <TrackedMethodRefs>
                    <TrackedMethodRef uid="0" vc="0" />
                  </TrackedMethodRefs>
                </SequencePoint>
                <SequencePoint vc="20" uspid="3760" ordinal="0" offset="101" sl="91" sc="9" el="91" ec="9" bec="0" bev="0" fileid="4">
                  <TrackedMethodRefs>
                    <TrackedMethodRef uid="0" vc="20" />
                  </TrackedMethodRefs>
                </SequencePoint>
                <SequencePoint vc="20" uspid="3761" ordinal="0" offset="110" sl="92" sc="5" el="92" ec="5" bec="0" bev="0" fileid="4">
                  <TrackedMethodRefs>
                    <TrackedMethodRef uid="0" vc="20" />
                  </TrackedMethodRefs>
                </SequencePoint>
              </SequencePoints>
              <BranchPoints />
            </Method>
            <Method visited="true" cyclomaticComplexity="1" nPathComplexity="0" sequenceCoverage="66.67" branchCoverage="0" crapScore="1.04" isConstructor="false" isStatic="false" isGetter="false" isSetter="false">
              <Summary numSequencePoints="12" visitedSequencePoints="8" numBranchPoints="0" visitedBranchPoints="0" sequenceCoverage="66.67" branchCoverage="0" maxCyclomaticComplexity="1" minCyclomaticComplexity="1" maxCrapScore="1.04" minCrapScore="1.04" visitedClasses="0" numClasses="0" visitedMethods="1" numMethods="1" />
              <MetadataToken>100663333</MetadataToken>
              <Name>System.Void TeleportAtObject::TryAddPosition(System.String[], System.String)</Name>
              <FileRef uid="4" />
              <SequencePoints>
                <SequencePoint vc="20" uspid="3762" ordinal="0" offset="0" sl="101" sc="5" el="101" ec="5" bec="0" bev="0" fileid="4">
                  <TrackedMethodRefs>
                    <TrackedMethodRef uid="0" vc="20" />
                  </TrackedMethodRefs>
                </SequencePoint>
                <SequencePoint vc="20" uspid="3763" ordinal="0" offset="1" sl="103" sc="9" el="103" ec="9" bec="0" bev="0" fileid="4">
                  <TrackedMethodRefs>
                    <TrackedMethodRef uid="0" vc="20" />
                  </TrackedMethodRefs>
                </SequencePoint>
                <SequencePoint vc="20" uspid="3764" ordinal="0" offset="2" sl="104" sc="13" el="104" ec="13" bec="0" bev="0" fileid="4">
                  <TrackedMethodRefs>
                    <TrackedMethodRef uid="0" vc="20" />
                  </TrackedMethodRefs>
                </SequencePoint>
                <SequencePoint vc="20" uspid="3765" ordinal="0" offset="26" sl="105" sc="13" el="105" ec="13" bec="0" bev="0" fileid="4">
                  <TrackedMethodRefs>
                    <TrackedMethodRef uid="0" vc="20" />
                  </TrackedMethodRefs>
                </SequencePoint>
                <SequencePoint vc="20" uspid="3766" ordinal="0" offset="50" sl="106" sc="13" el="106" ec="13" bec="0" bev="0" fileid="4">
                  <TrackedMethodRefs>
                    <TrackedMethodRef uid="0" vc="20" />
                  </TrackedMethodRefs>
                </SequencePoint>
                <SequencePoint vc="20" uspid="3767" ordinal="0" offset="74" sl="108" sc="13" el="108" ec="13" bec="0" bev="0" fileid="4">
                  <TrackedMethodRefs>
                    <TrackedMethodRef uid="0" vc="20" />
                  </TrackedMethodRefs>
                </SequencePoint>
                <SequencePoint vc="20" uspid="3768" ordinal="0" offset="94" sl="109" sc="9" el="109" ec="9" bec="0" bev="0" fileid="4">
                  <TrackedMethodRefs>
                    <TrackedMethodRef uid="0" vc="20" />
                  </TrackedMethodRefs>
                </SequencePoint>
                <SequencePoint vc="0" uspid="3769" ordinal="0" offset="97" sl="110" sc="9" el="110" ec="9" bec="0" bev="0" fileid="4">
                  <TrackedMethodRefs>
                    <TrackedMethodRef uid="0" vc="0" />
                  </TrackedMethodRefs>
                </SequencePoint>
                <SequencePoint vc="0" uspid="3770" ordinal="0" offset="98" sl="111" sc="9" el="111" ec="9" bec="0" bev="0" fileid="4">
                  <TrackedMethodRefs>
                    <TrackedMethodRef uid="0" vc="0" />
                  </TrackedMethodRefs>
                </SequencePoint>
                <SequencePoint vc="0" uspid="3771" ordinal="0" offset="99" sl="112" sc="13" el="112" ec="13" bec="0" bev="0" fileid="4">
                  <TrackedMethodRefs>
                    <TrackedMethodRef uid="0" vc="0" />
                  </TrackedMethodRefs>
                </SequencePoint>
                <SequencePoint vc="0" uspid="3772" ordinal="0" offset="127" sl="113" sc="9" el="113" ec="9" bec="0" bev="0" fileid="4">
                  <TrackedMethodRefs>
                    <TrackedMethodRef uid="0" vc="0" />
                  </TrackedMethodRefs>
                </SequencePoint>
                <SequencePoint vc="20" uspid="3773" ordinal="0" offset="130" sl="114" sc="5" el="114" ec="5" bec="0" bev="0" fileid="4">
                  <TrackedMethodRefs>
                    <TrackedMethodRef uid="0" vc="20" />
                  </TrackedMethodRefs>
                </SequencePoint>
              </SequencePoints>
              <BranchPoints />
            </Method>
            <Method visited="true" cyclomaticComplexity="1" nPathComplexity="0" sequenceCoverage="100.0" branchCoverage="0" crapScore="1" isConstructor="true" isStatic="false" isGetter="false" isSetter="false">
              <Summary numSequencePoints="4" visitedSequencePoints="4" numBranchPoints="0" visitedBranchPoints="0" sequenceCoverage="100.0" branchCoverage="0" maxCyclomaticComplexity="1" minCyclomaticComplexity="1" maxCrapScore="1" minCrapScore="1" visitedClasses="0" numClasses="0" visitedMethods="1" numMethods="1" />
              <MetadataToken>100663335</MetadataToken>
              <Name>TeleportAtObject::TeleportAtObject()</Name>
              <FileRef uid="4" />
              <SequencePoints>
                <SequencePoint vc="2" uspid="3774" ordinal="0" offset="0" sl="14" sc="5" el="14" ec="5" bec="0" bev="0" fileid="4">
                  <TrackedMethodRefs>
                    <TrackedMethodRef uid="0" vc="2" />
                  </TrackedMethodRefs>
                </SequencePoint>
                <SequencePoint vc="2" uspid="3775" ordinal="0" offset="11" sl="17" sc="5" el="17" ec="5" bec="0" bev="0" fileid="4">
                  <TrackedMethodRefs>
                    <TrackedMethodRef uid="0" vc="2" />
                  </TrackedMethodRefs>
                </SequencePoint>
                <SequencePoint vc="2" uspid="3776" ordinal="0" offset="18" sl="21" sc="5" el="21" ec="5" bec="0" bev="0" fileid="4">
                  <TrackedMethodRefs>
                    <TrackedMethodRef uid="0" vc="2" />
                  </TrackedMethodRefs>
                </SequencePoint>
                <SequencePoint vc="2" uspid="3777" ordinal="0" offset="29" sl="24" sc="5" el="24" ec="5" bec="0" bev="0" fileid="4">
                  <TrackedMethodRefs>
                    <TrackedMethodRef uid="0" vc="2" />
                  </TrackedMethodRefs>
                </SequencePoint>
              </SequencePoints>
              <BranchPoints />
            </Method>
          </Methods>
        </Class>
        <Class>
          <Summary numSequencePoints="27" visitedSequencePoints="24" numBranchPoints="0" visitedBranchPoints="0" sequenceCoverage="88.89" branchCoverage="0.0" maxCyclomaticComplexity="2" minCyclomaticComplexity="1" maxCrapScore="2.06" minCrapScore="1" visitedClasses="1" numClasses="1" visitedMethods="4" numMethods="4" />
          <FullName>TeleportPlayer</FullName>
          <Methods>
            <Method visited="true" cyclomaticComplexity="2" nPathComplexity="0" sequenceCoverage="75.00" branchCoverage="0" crapScore="2.06" isConstructor="false" isStatic="false" isGetter="false" isSetter="false">
              <Summary numSequencePoints="12" visitedSequencePoints="9" numBranchPoints="0" visitedBranchPoints="0" sequenceCoverage="75.00" branchCoverage="0" maxCyclomaticComplexity="2" minCyclomaticComplexity="2" maxCrapScore="2.06" minCrapScore="2.06" visitedClasses="0" numClasses="0" visitedMethods="1" numMethods="1" />
              <MetadataToken>100663336</MetadataToken>
              <Name>System.Void TeleportPlayer::Start()</Name>
              <FileRef uid="5" />
              <SequencePoints>
                <SequencePoint vc="2" uspid="3778" ordinal="0" offset="0" sl="32" sc="5" el="32" ec="5" bec="0" bev="0" fileid="5">
                  <TrackedMethodRefs>
                    <TrackedMethodRef uid="0" vc="2" />
                  </TrackedMethodRefs>
                </SequencePoint>
                <SequencePoint vc="2" uspid="3779" ordinal="0" offset="1" sl="35" sc="9" el="35" ec="9" bec="0" bev="0" fileid="5">
                  <TrackedMethodRefs>
                    <TrackedMethodRef uid="0" vc="2" />
                  </TrackedMethodRefs>
                </SequencePoint>
                <SequencePoint vc="2" uspid="3780" ordinal="0" offset="21" sl="36" sc="9" el="36" ec="9" bec="0" bev="0" fileid="5">
                  <TrackedMethodRefs>
                    <TrackedMethodRef uid="0" vc="2" />
                  </TrackedMethodRefs>
                </SequencePoint>
                <SequencePoint vc="2" uspid="3781" ordinal="0" offset="41" sl="38" sc="9" el="38" ec="9" bec="0" bev="0" fileid="5">
                  <TrackedMethodRefs>
                    <TrackedMethodRef uid="0" vc="2" />
                  </TrackedMethodRefs>
                </SequencePoint>
                <SequencePoint vc="2" uspid="3782" ordinal="0" offset="47" sl="40" sc="9" el="40" ec="9" bec="0" bev="0" fileid="5">
                  <TrackedMethodRefs>
                    <TrackedMethodRef uid="0" vc="2" />
                  </TrackedMethodRefs>
                </SequencePoint>
                <SequencePoint vc="0" uspid="3783" ordinal="0" offset="62" sl="41" sc="9" el="41" ec="9" bec="0" bev="0" fileid="5">
                  <TrackedMethodRefs>
                    <TrackedMethodRef uid="0" vc="0" />
                  </TrackedMethodRefs>
                </SequencePoint>
                <SequencePoint vc="0" uspid="3784" ordinal="0" offset="63" sl="42" sc="13" el="42" ec="13" bec="0" bev="0" fileid="5">
                  <TrackedMethodRefs>
                    <TrackedMethodRef uid="0" vc="0" />
                  </TrackedMethodRefs>
                </SequencePoint>
                <SequencePoint vc="0" uspid="3785" ordinal="0" offset="70" sl="43" sc="9" el="43" ec="9" bec="0" bev="0" fileid="5">
                  <TrackedMethodRefs>
                    <TrackedMethodRef uid="0" vc="0" />
                  </TrackedMethodRefs>
                </SequencePoint>
                <SequencePoint vc="2" uspid="3786" ordinal="0" offset="71" sl="45" sc="9" el="45" ec="9" bec="0" bev="0" fileid="5">
                  <TrackedMethodRefs>
                    <TrackedMethodRef uid="0" vc="2" />
                  </TrackedMethodRefs>
                </SequencePoint>
                <SequencePoint vc="2" uspid="3787" ordinal="0" offset="126" sl="47" sc="9" el="47" ec="9" bec="0" bev="0" fileid="5">
                  <TrackedMethodRefs>
                    <TrackedMethodRef uid="0" vc="2" />
                  </TrackedMethodRefs>
                </SequencePoint>
                <SequencePoint vc="2" uspid="3788" ordinal="0" offset="137" sl="48" sc="9" el="48" ec="9" bec="0" bev="0" fileid="5">
                  <TrackedMethodRefs>
                    <TrackedMethodRef uid="0" vc="2" />
                  </TrackedMethodRefs>
                </SequencePoint>
                <SequencePoint vc="2" uspid="3789" ordinal="0" offset="150" sl="49" sc="5" el="49" ec="5" bec="0" bev="0" fileid="5">
                  <TrackedMethodRefs>
                    <TrackedMethodRef uid="0" vc="2" />
                  </TrackedMethodRefs>
                </SequencePoint>
              </SequencePoints>
              <BranchPoints />
            </Method>
            <Method visited="true" cyclomaticComplexity="1" nPathComplexity="0" sequenceCoverage="100.0" branchCoverage="0" crapScore="1" isConstructor="false" isStatic="false" isGetter="false" isSetter="false">
              <Summary numSequencePoints="8" visitedSequencePoints="8" numBranchPoints="0" visitedBranchPoints="0" sequenceCoverage="100.0" branchCoverage="0" maxCyclomaticComplexity="1" minCyclomaticComplexity="1" maxCrapScore="1" minCrapScore="1" visitedClasses="0" numClasses="0" visitedMethods="1" numMethods="1" />
              <MetadataToken>100663338</MetadataToken>
              <Name>System.Void TeleportPlayer::TeleportToRandomPosition()</Name>
              <FileRef uid="5" />
              <SequencePoints>
                <SequencePoint vc="17" uspid="3790" ordinal="0" offset="0" sl="71" sc="5" el="71" ec="5" bec="0" bev="0" fileid="5">
                  <TrackedMethodRefs>
                    <TrackedMethodRef uid="0" vc="17" />
                  </TrackedMethodRefs>
                </SequencePoint>
                <SequencePoint vc="17" uspid="3791" ordinal="0" offset="1" sl="72" sc="9" el="72" ec="9" bec="0" bev="0" fileid="5">
                  <TrackedMethodRefs>
                    <TrackedMethodRef uid="0" vc="17" />
                  </TrackedMethodRefs>
                </SequencePoint>
                <SequencePoint vc="17" uspid="3792" ordinal="0" offset="30" sl="73" sc="9" el="73" ec="9" bec="0" bev="0" fileid="5">
                  <TrackedMethodRefs>
                    <TrackedMethodRef uid="0" vc="17" />
                  </TrackedMethodRefs>
                </SequencePoint>
                <SequencePoint vc="17" uspid="3793" ordinal="0" offset="59" sl="74" sc="9" el="74" ec="9" bec="0" bev="0" fileid="5">
                  <TrackedMethodRefs>
                    <TrackedMethodRef uid="0" vc="17" />
                  </TrackedMethodRefs>
                </SequencePoint>
                <SequencePoint vc="17" uspid="3794" ordinal="0" offset="84" sl="76" sc="9" el="76" ec="9" bec="0" bev="0" fileid="5">
                  <TrackedMethodRefs>
                    <TrackedMethodRef uid="0" vc="17" />
                  </TrackedMethodRefs>
                </SequencePoint>
                <SequencePoint vc="17" uspid="3795" ordinal="0" offset="115" sl="77" sc="9" el="77" ec="9" bec="0" bev="0" fileid="5">
                  <TrackedMethodRefs>
                    <TrackedMethodRef uid="0" vc="17" />
                  </TrackedMethodRefs>
                </SequencePoint>
                <SequencePoint vc="17" uspid="3796" ordinal="0" offset="123" sl="78" sc="9" el="78" ec="9" bec="0" bev="0" fileid="5">
                  <TrackedMethodRefs>
                    <TrackedMethodRef uid="0" vc="17" />
                  </TrackedMethodRefs>
                </SequencePoint>
                <SequencePoint vc="17" uspid="3797" ordinal="0" offset="136" sl="80" sc="5" el="80" ec="5" bec="0" bev="0" fileid="5">
                  <TrackedMethodRefs>
                    <TrackedMethodRef uid="0" vc="17" />
                  </TrackedMethodRefs>
                </SequencePoint>
              </SequencePoints>
              <BranchPoints />
            </Method>
            <Method visited="true" cyclomaticComplexity="1" nPathComplexity="0" sequenceCoverage="100.0" branchCoverage="0" crapScore="1" isConstructor="false" isStatic="false" isGetter="false" isSetter="false">
              <Summary numSequencePoints="4" visitedSequencePoints="4" numBranchPoints="0" visitedBranchPoints="0" sequenceCoverage="100.0" branchCoverage="0" maxCyclomaticComplexity="1" minCyclomaticComplexity="1" maxCrapScore="1" minCrapScore="1" visitedClasses="0" numClasses="0" visitedMethods="1" numMethods="1" />
              <MetadataToken>100663339</MetadataToken>
              <Name>System.Void TeleportPlayer::LogTeleportation(UnityEngine.Vector3)</Name>
              <FileRef uid="5" />
              <SequencePoints>
                <SequencePoint vc="17" uspid="3798" ordinal="0" offset="0" sl="88" sc="5" el="88" ec="5" bec="0" bev="0" fileid="5">
                  <TrackedMethodRefs>
                    <TrackedMethodRef uid="0" vc="17" />
                  </TrackedMethodRefs>
                </SequencePoint>
                <SequencePoint vc="17" uspid="3799" ordinal="0" offset="1" sl="89" sc="9" el="89" ec="9" bec="0" bev="0" fileid="5">
                  <TrackedMethodRefs>
                    <TrackedMethodRef uid="0" vc="17" />
                  </TrackedMethodRefs>
                </SequencePoint>
                <SequencePoint vc="17" uspid="3800" ordinal="0" offset="45" sl="90" sc="9" el="90" ec="9" bec="0" bev="0" fileid="5">
                  <TrackedMethodRefs>
                    <TrackedMethodRef uid="0" vc="17" />
                  </TrackedMethodRefs>
                </SequencePoint>
                <SequencePoint vc="17" uspid="3801" ordinal="0" offset="58" sl="91" sc="5" el="91" ec="5" bec="0" bev="0" fileid="5">
                  <TrackedMethodRefs>
                    <TrackedMethodRef uid="0" vc="17" />
                  </TrackedMethodRefs>
                </SequencePoint>
              </SequencePoints>
              <BranchPoints />
            </Method>
            <Method visited="true" cyclomaticComplexity="1" nPathComplexity="0" sequenceCoverage="100.0" branchCoverage="0" crapScore="1" isConstructor="true" isStatic="false" isGetter="false" isSetter="false">
              <Summary numSequencePoints="3" visitedSequencePoints="3" numBranchPoints="0" visitedBranchPoints="0" sequenceCoverage="100.0" branchCoverage="0" maxCyclomaticComplexity="1" minCyclomaticComplexity="1" maxCrapScore="1" minCrapScore="1" visitedClasses="0" numClasses="0" visitedMethods="1" numMethods="1" />
              <MetadataToken>100663340</MetadataToken>
              <Name>TeleportPlayer::TeleportPlayer()</Name>
              <FileRef uid="5" />
              <SequencePoints>
                <SequencePoint vc="2" uspid="3802" ordinal="0" offset="0" sl="18" sc="5" el="18" ec="5" bec="0" bev="0" fileid="5">
                  <TrackedMethodRefs>
                    <TrackedMethodRef uid="0" vc="2" />
                  </TrackedMethodRefs>
                </SequencePoint>
                <SequencePoint vc="2" uspid="3803" ordinal="0" offset="8" sl="20" sc="5" el="20" ec="5" bec="0" bev="0" fileid="5">
                  <TrackedMethodRefs>
                    <TrackedMethodRef uid="0" vc="2" />
                  </TrackedMethodRefs>
                </SequencePoint>
                <SequencePoint vc="2" uspid="3804" ordinal="0" offset="29" sl="22" sc="5" el="22" ec="5" bec="0" bev="0" fileid="5">
                  <TrackedMethodRefs>
                    <TrackedMethodRef uid="0" vc="2" />
                  </TrackedMethodRefs>
                </SequencePoint>
              </SequencePoints>
              <BranchPoints />
            </Method>
          </Methods>
        </Class>
        <Class>
          <Summary numSequencePoints="33" visitedSequencePoints="27" numBranchPoints="0" visitedBranchPoints="0" sequenceCoverage="81.82" branchCoverage="0.0" maxCyclomaticComplexity="5" minCyclomaticComplexity="4" maxCrapScore="5.44" minCrapScore="4" visitedClasses="1" numClasses="1" visitedMethods="2" numMethods="2" />
          <FullName>LogToFile</FullName>
          <Methods>
            <Method visited="true" cyclomaticComplexity="5" nPathComplexity="0" sequenceCoverage="73.91" branchCoverage="0" crapScore="5.44" isConstructor="false" isStatic="false" isGetter="false" isSetter="false">
              <Summary numSequencePoints="23" visitedSequencePoints="17" numBranchPoints="0" visitedBranchPoints="0" sequenceCoverage="73.91" branchCoverage="0" maxCyclomaticComplexity="5" minCyclomaticComplexity="5" maxCrapScore="5.44" minCrapScore="5.44" visitedClasses="0" numClasses="0" visitedMethods="1" numMethods="1" />
              <MetadataToken>100663341</MetadataToken>
              <Name>System.Void LogToFile::Awake()</Name>
              <FileRef uid="6" />
              <SequencePoints>
                <SequencePoint vc="1" uspid="3805" ordinal="0" offset="0" sl="10" sc="5" el="10" ec="5" bec="0" bev="0" fileid="6">
                  <TrackedMethodRefs>
                    <TrackedMethodRef uid="0" vc="1" />
                  </TrackedMethodRefs>
                </SequencePoint>
                <SequencePoint vc="1" uspid="3806" ordinal="0" offset="1" sl="12" sc="9" el="12" ec="9" bec="0" bev="0" fileid="6">
                  <TrackedMethodRefs>
                    <TrackedMethodRef uid="0" vc="1" />
                  </TrackedMethodRefs>
                </SequencePoint>
                <SequencePoint vc="1" uspid="3807" ordinal="0" offset="27" sl="15" sc="9" el="15" ec="9" bec="0" bev="0" fileid="6">
                  <TrackedMethodRefs>
                    <TrackedMethodRef uid="0" vc="1" />
                  </TrackedMethodRefs>
                </SequencePoint>
                <SequencePoint vc="1" uspid="3808" ordinal="0" offset="39" sl="16" sc="9" el="16" ec="9" bec="0" bev="0" fileid="6">
                  <TrackedMethodRefs>
                    <TrackedMethodRef uid="0" vc="1" />
                  </TrackedMethodRefs>
                </SequencePoint>
                <SequencePoint vc="0" uspid="3809" ordinal="0" offset="52" sl="17" sc="9" el="17" ec="9" bec="0" bev="0" fileid="6">
                  <TrackedMethodRefs>
                    <TrackedMethodRef uid="0" vc="0" />
                  </TrackedMethodRefs>
                </SequencePoint>
                <SequencePoint vc="0" uspid="3810" ordinal="0" offset="53" sl="18" sc="13" el="18" ec="13" bec="0" bev="0" fileid="6">
                  <TrackedMethodRefs>
                    <TrackedMethodRef uid="0" vc="0" />
                  </TrackedMethodRefs>
                </SequencePoint>
                <SequencePoint vc="0" uspid="3811" ordinal="0" offset="60" sl="19" sc="9" el="19" ec="9" bec="0" bev="0" fileid="6">
                  <TrackedMethodRefs>
                    <TrackedMethodRef uid="0" vc="0" />
                  </TrackedMethodRefs>
                </SequencePoint>
                <SequencePoint vc="1" uspid="3812" ordinal="0" offset="61" sl="22" sc="9" el="22" ec="9" bec="0" bev="0" fileid="6">
                  <TrackedMethodRefs>
                    <TrackedMethodRef uid="0" vc="1" />
                  </TrackedMethodRefs>
                </SequencePoint>
                <SequencePoint vc="0" uspid="3813" ordinal="0" offset="76" sl="23" sc="9" el="23" ec="9" bec="0" bev="0" fileid="6">
                  <TrackedMethodRefs>
                    <TrackedMethodRef uid="0" vc="0" />
                  </TrackedMethodRefs>
                </SequencePoint>
                <SequencePoint vc="0" uspid="3814" ordinal="0" offset="77" sl="24" sc="13" el="24" ec="13" bec="0" bev="0" fileid="6">
                  <TrackedMethodRefs>
                    <TrackedMethodRef uid="0" vc="0" />
                  </TrackedMethodRefs>
                </SequencePoint>
                <SequencePoint vc="0" uspid="3815" ordinal="0" offset="94" sl="25" sc="9" el="25" ec="9" bec="0" bev="0" fileid="6">
                  <TrackedMethodRefs>
                    <TrackedMethodRef uid="0" vc="0" />
                  </TrackedMethodRefs>
                </SequencePoint>
                <SequencePoint vc="1" uspid="3816" ordinal="0" offset="97" sl="27" sc="9" el="27" ec="9" bec="0" bev="0" fileid="6">
                  <TrackedMethodRefs>
                    <TrackedMethodRef uid="0" vc="1" />
                  </TrackedMethodRefs>
                </SequencePoint>
                <SequencePoint vc="1" uspid="3817" ordinal="0" offset="98" sl="29" sc="20" el="29" ec="20" bec="0" bev="0" fileid="6">
                  <TrackedMethodRefs>
                    <TrackedMethodRef uid="0" vc="1" />
                  </TrackedMethodRefs>
                </SequencePoint>
                <SequencePoint vc="1" uspid="3818" ordinal="0" offset="110" sl="30" sc="13" el="30" ec="13" bec="0" bev="0" fileid="6">
                  <TrackedMethodRefs>
                    <TrackedMethodRef uid="0" vc="1" />
                  </TrackedMethodRefs>
                </SequencePoint>
                <SequencePoint vc="1" uspid="3819" ordinal="0" offset="111" sl="31" sc="17" el="31" ec="17" bec="0" bev="0" fileid="6">
                  <TrackedMethodRefs>
                    <TrackedMethodRef uid="0" vc="1" />
                  </TrackedMethodRefs>
                </SequencePoint>
                <SequencePoint vc="1" uspid="3820" ordinal="0" offset="123" sl="32" sc="13" el="32" ec="13" bec="0" bev="0" fileid="6">
                  <TrackedMethodRefs>
                    <TrackedMethodRef uid="0" vc="1" />
                  </TrackedMethodRefs>
                </SequencePoint>
                <SequencePoint vc="1" uspid="3821" ordinal="0" offset="137" sl="33" sc="9" el="33" ec="9" bec="0" bev="0" fileid="6">
                  <TrackedMethodRefs>
                    <TrackedMethodRef uid="0" vc="1" />
                  </TrackedMethodRefs>
                </SequencePoint>
                <SequencePoint vc="1" uspid="3822" ordinal="0" offset="138" sl="36" sc="16" el="36" ec="16" bec="0" bev="0" fileid="6">
                  <TrackedMethodRefs>
                    <TrackedMethodRef uid="0" vc="1" />
                  </TrackedMethodRefs>
                </SequencePoint>
                <SequencePoint vc="1" uspid="3823" ordinal="0" offset="152" sl="37" sc="9" el="37" ec="9" bec="0" bev="0" fileid="6">
                  <TrackedMethodRefs>
                    <TrackedMethodRef uid="0" vc="1" />
                  </TrackedMethodRefs>
                </SequencePoint>
                <SequencePoint vc="1" uspid="3824" ordinal="0" offset="153" sl="38" sc="13" el="38" ec="13" bec="0" bev="0" fileid="6">
                  <TrackedMethodRefs>
                    <TrackedMethodRef uid="0" vc="1" />
                  </TrackedMethodRefs>
                </SequencePoint>
                <SequencePoint vc="1" uspid="3825" ordinal="0" offset="166" sl="39" sc="9" el="39" ec="9" bec="0" bev="0" fileid="6">
                  <TrackedMethodRefs>
                    <TrackedMethodRef uid="0" vc="1" />
                  </TrackedMethodRefs>
                </SequencePoint>
                <SequencePoint vc="1" uspid="3826" ordinal="0" offset="182" sl="42" sc="9" el="42" ec="9" bec="0" bev="0" fileid="6">
                  <TrackedMethodRefs>
                    <TrackedMethodRef uid="0" vc="1" />
                  </TrackedMethodRefs>
                </SequencePoint>
                <SequencePoint vc="1" uspid="3827" ordinal="0" offset="200" sl="43" sc="5" el="43" ec="5" bec="0" bev="0" fileid="6">
                  <TrackedMethodRefs>
                    <TrackedMethodRef uid="0" vc="1" />
                  </TrackedMethodRefs>
                </SequencePoint>
              </SequencePoints>
              <BranchPoints />
            </Method>
            <Method visited="true" cyclomaticComplexity="4" nPathComplexity="0" sequenceCoverage="100.0" branchCoverage="0" crapScore="4" isConstructor="false" isStatic="false" isGetter="false" isSetter="false">
              <Summary numSequencePoints="10" visitedSequencePoints="10" numBranchPoints="0" visitedBranchPoints="0" sequenceCoverage="100.0" branchCoverage="0" maxCyclomaticComplexity="4" minCyclomaticComplexity="4" maxCrapScore="4" minCrapScore="4" visitedClasses="0" numClasses="0" visitedMethods="1" numMethods="1" />
              <MetadataToken>100663343</MetadataToken>
              <Name>System.Void LogToFile::LogToFileMethod(System.String, System.String, UnityEngine.LogType)</Name>
              <FileRef uid="6" />
              <SequencePoints>
                <SequencePoint vc="44367" uspid="3831" ordinal="0" offset="0" sl="51" sc="5" el="51" ec="5" bec="0" bev="0" fileid="6">
                  <TrackedMethodRefs>
                    <TrackedMethodRef uid="0" vc="44367" />
                  </TrackedMethodRefs>
                </SequencePoint>
                <SequencePoint vc="44367" uspid="3832" ordinal="0" offset="1" sl="52" sc="16" el="52" ec="16" bec="0" bev="0" fileid="6">
                  <TrackedMethodRefs>
                    <TrackedMethodRef uid="0" vc="44367" />
                  </TrackedMethodRefs>
                </SequencePoint>
                <SequencePoint vc="44367" uspid="3833" ordinal="0" offset="14" sl="53" sc="9" el="53" ec="9" bec="0" bev="0" fileid="6">
                  <TrackedMethodRefs>
                    <TrackedMethodRef uid="0" vc="44367" />
                  </TrackedMethodRefs>
                </SequencePoint>
                <SequencePoint vc="44367" uspid="3834" ordinal="0" offset="15" sl="54" sc="13" el="54" ec="13" bec="0" bev="0" fileid="6">
                  <TrackedMethodRefs>
                    <TrackedMethodRef uid="0" vc="44367" />
                  </TrackedMethodRefs>
                </SequencePoint>
                <SequencePoint vc="44367" uspid="3835" ordinal="0" offset="49" sl="55" sc="13" el="55" ec="13" bec="0" bev="0" fileid="6">
                  <TrackedMethodRefs>
                    <TrackedMethodRef uid="0" vc="44367" />
                  </TrackedMethodRefs>
                </SequencePoint>
                <SequencePoint vc="44173" uspid="3836" ordinal="0" offset="64" sl="56" sc="13" el="56" ec="13" bec="0" bev="0" fileid="6">
                  <TrackedMethodRefs>
                    <TrackedMethodRef uid="0" vc="44173" />
                  </TrackedMethodRefs>
                </SequencePoint>
                <SequencePoint vc="44173" uspid="3837" ordinal="0" offset="65" sl="57" sc="17" el="57" ec="17" bec="0" bev="0" fileid="6">
                  <TrackedMethodRefs>
                    <TrackedMethodRef uid="0" vc="44173" />
                  </TrackedMethodRefs>
                </SequencePoint>
                <SequencePoint vc="44173" uspid="3838" ordinal="0" offset="73" sl="58" sc="13" el="58" ec="13" bec="0" bev="0" fileid="6">
                  <TrackedMethodRefs>
                    <TrackedMethodRef uid="0" vc="44173" />
                  </TrackedMethodRefs>
                </SequencePoint>
                <SequencePoint vc="44367" uspid="3839" ordinal="0" offset="74" sl="59" sc="9" el="59" ec="9" bec="0" bev="0" fileid="6">
                  <TrackedMethodRefs>
                    <TrackedMethodRef uid="0" vc="44367" />
                  </TrackedMethodRefs>
                </SequencePoint>
                <SequencePoint vc="44367" uspid="3840" ordinal="0" offset="88" sl="60" sc="5" el="60" ec="5" bec="0" bev="0" fileid="6">
                  <TrackedMethodRefs>
                    <TrackedMethodRef uid="0" vc="44367" />
                  </TrackedMethodRefs>
                </SequencePoint>
              </SequencePoints>
              <BranchPoints />
            </Method>
          </Methods>
        </Class>
        <Class>
          <Summary numSequencePoints="152" visitedSequencePoints="131" numBranchPoints="0" visitedBranchPoints="0" sequenceCoverage="86.18" branchCoverage="0.0" maxCyclomaticComplexity="11" minCyclomaticComplexity="1" maxCrapScore="11.31" minCrapScore="1" visitedClasses="1" numClasses="1" visitedMethods="9" numMethods="9" />
          <FullName>VRGuide</FullName>
          <Methods>
            <Method visited="true" cyclomaticComplexity="1" nPathComplexity="0" sequenceCoverage="100.0" branchCoverage="0" crapScore="1" isConstructor="false" isStatic="false" isGetter="false" isSetter="false">
              <Summary numSequencePoints="4" visitedSequencePoints="4" numBranchPoints="0" visitedBranchPoints="0" sequenceCoverage="100.0" branchCoverage="0" maxCyclomaticComplexity="1" minCyclomaticComplexity="1" maxCrapScore="1" minCrapScore="1" visitedClasses="0" numClasses="0" visitedMethods="1" numMethods="1" />
              <MetadataToken>100663357</MetadataToken>
              <Name>System.Void VRGuide::Initialize()</Name>
              <FileRef uid="9" />
              <SequencePoints>
                <SequencePoint vc="1" uspid="3886" ordinal="0" offset="0" sl="12" sc="5" el="12" ec="5" bec="0" bev="0" fileid="9">
                  <TrackedMethodRefs>
                    <TrackedMethodRef uid="0" vc="1" />
                  </TrackedMethodRefs>
                </SequencePoint>
                <SequencePoint vc="1" uspid="3887" ordinal="0" offset="1" sl="13" sc="9" el="13" ec="9" bec="0" bev="0" fileid="9">
                  <TrackedMethodRefs>
                    <TrackedMethodRef uid="0" vc="1" />
                  </TrackedMethodRefs>
                </SequencePoint>
                <SequencePoint vc="1" uspid="3888" ordinal="0" offset="8" sl="14" sc="9" el="14" ec="9" bec="0" bev="0" fileid="9">
                  <TrackedMethodRefs>
                    <TrackedMethodRef uid="0" vc="1" />
                  </TrackedMethodRefs>
                </SequencePoint>
                <SequencePoint vc="1" uspid="3889" ordinal="0" offset="15" sl="15" sc="5" el="15" ec="5" bec="0" bev="0" fileid="9">
                  <TrackedMethodRefs>
                    <TrackedMethodRef uid="0" vc="1" />
                  </TrackedMethodRefs>
                </SequencePoint>
              </SequencePoints>
              <BranchPoints />
            </Method>
            <Method visited="true" cyclomaticComplexity="11" nPathComplexity="0" sequenceCoverage="86.27" branchCoverage="0" crapScore="11.31" isConstructor="false" isStatic="false" isGetter="false" isSetter="false">
              <Summary numSequencePoints="51" visitedSequencePoints="44" numBranchPoints="0" visitedBranchPoints="0" sequenceCoverage="86.27" branchCoverage="0" maxCyclomaticComplexity="11" minCyclomaticComplexity="11" maxCrapScore="11.31" minCrapScore="11.31" visitedClasses="0" numClasses="0" visitedMethods="1" numMethods="1" />
              <MetadataToken>100663358</MetadataToken>
              <Name>UnityEngine.Vector3 VRGuide::Move()</Name>
              <FileRef uid="9" />
              <SequencePoints>
                <SequencePoint vc="19" uspid="3890" ordinal="0" offset="0" sl="20" sc="5" el="20" ec="5" bec="0" bev="0" fileid="9">
                  <TrackedMethodRefs>
                    <TrackedMethodRef uid="0" vc="19" />
                  </TrackedMethodRefs>
                </SequencePoint>
                <SequencePoint vc="19" uspid="3891" ordinal="0" offset="1" sl="21" sc="9" el="21" ec="9" bec="0" bev="0" fileid="9">
                  <TrackedMethodRefs>
                    <TrackedMethodRef uid="0" vc="19" />
                  </TrackedMethodRefs>
                </SequencePoint>
                <SequencePoint vc="13" uspid="3892" ordinal="0" offset="21" sl="22" sc="13" el="22" ec="13" bec="0" bev="0" fileid="9">
                  <TrackedMethodRefs>
                    <TrackedMethodRef uid="0" vc="13" />
                  </TrackedMethodRefs>
                </SequencePoint>
                <SequencePoint vc="6" uspid="3893" ordinal="0" offset="39" sl="24" sc="9" el="24" ec="9" bec="0" bev="0" fileid="9">
                  <TrackedMethodRefs>
                    <TrackedMethodRef uid="0" vc="6" />
                  </TrackedMethodRefs>
                </SequencePoint>
                <SequencePoint vc="6" uspid="3894" ordinal="0" offset="46" sl="25" sc="9" el="25" ec="9" bec="0" bev="0" fileid="9">
                  <TrackedMethodRefs>
                    <TrackedMethodRef uid="0" vc="6" />
                  </TrackedMethodRefs>
                </SequencePoint>
                <SequencePoint vc="6" uspid="3895" ordinal="0" offset="53" sl="27" sc="9" el="27" ec="9" bec="0" bev="0" fileid="9">
                  <TrackedMethodRefs>
                    <TrackedMethodRef uid="0" vc="6" />
                  </TrackedMethodRefs>
                </SequencePoint>
                <SequencePoint vc="6" uspid="3896" ordinal="0" offset="59" sl="29" sc="9" el="29" ec="9" bec="0" bev="0" fileid="9">
                  <TrackedMethodRefs>
                    <TrackedMethodRef uid="0" vc="6" />
                  </TrackedMethodRefs>
                </SequencePoint>
                <SequencePoint vc="6" uspid="3897" ordinal="0" offset="60" sl="29" sc="31" el="29" ec="31" bec="0" bev="0" fileid="9">
                  <TrackedMethodRefs>
                    <TrackedMethodRef uid="0" vc="6" />
                  </TrackedMethodRefs>
                </SequencePoint>
                <SequencePoint vc="60" uspid="3898" ordinal="0" offset="74" sl="29" sc="18" el="29" ec="18" bec="0" bev="0" fileid="9">
                  <TrackedMethodRefs>
                    <TrackedMethodRef uid="0" vc="60" />
                  </TrackedMethodRefs>
                </SequencePoint>
                <SequencePoint vc="60" uspid="3899" ordinal="0" offset="83" sl="30" sc="9" el="30" ec="9" bec="0" bev="0" fileid="9">
                  <TrackedMethodRefs>
                    <TrackedMethodRef uid="0" vc="60" />
                  </TrackedMethodRefs>
                </SequencePoint>
                <SequencePoint vc="60" uspid="3900" ordinal="0" offset="84" sl="31" sc="13" el="31" ec="13" bec="0" bev="0" fileid="9">
                  <TrackedMethodRefs>
                    <TrackedMethodRef uid="0" vc="60" />
                  </TrackedMethodRefs>
                </SequencePoint>
                <SequencePoint vc="60" uspid="3901" ordinal="0" offset="93" sl="33" sc="13" el="33" ec="13" bec="0" bev="0" fileid="9">
                  <TrackedMethodRefs>
                    <TrackedMethodRef uid="0" vc="60" />
                  </TrackedMethodRefs>
                </SequencePoint>
                <SequencePoint vc="60" uspid="3902" ordinal="0" offset="109" sl="34" sc="13" el="34" ec="13" bec="0" bev="0" fileid="9">
                  <TrackedMethodRefs>
                    <TrackedMethodRef uid="0" vc="60" />
                  </TrackedMethodRefs>
                </SequencePoint>
                <SequencePoint vc="60" uspid="3903" ordinal="0" offset="110" sl="35" sc="17" el="35" ec="17" bec="0" bev="0" fileid="9">
                  <TrackedMethodRefs>
                    <TrackedMethodRef uid="0" vc="60" />
                  </TrackedMethodRefs>
                </SequencePoint>
                <SequencePoint vc="60" uspid="3904" ordinal="0" offset="119" sl="36" sc="17" el="36" ec="17" bec="0" bev="0" fileid="9">
                  <TrackedMethodRefs>
                    <TrackedMethodRef uid="0" vc="60" />
                  </TrackedMethodRefs>
                </SequencePoint>
                <SequencePoint vc="60" uspid="3905" ordinal="0" offset="149" sl="38" sc="17" el="38" ec="17" bec="0" bev="0" fileid="9">
                  <TrackedMethodRefs>
                    <TrackedMethodRef uid="0" vc="60" />
                  </TrackedMethodRefs>
                </SequencePoint>
                <SequencePoint vc="60" uspid="3906" ordinal="0" offset="165" sl="39" sc="21" el="39" ec="21" bec="0" bev="0" fileid="9">
                  <TrackedMethodRefs>
                    <TrackedMethodRef uid="0" vc="60" />
                  </TrackedMethodRefs>
                </SequencePoint>
                <SequencePoint vc="60" uspid="3907" ordinal="0" offset="174" sl="40" sc="13" el="40" ec="13" bec="0" bev="0" fileid="9">
                  <TrackedMethodRefs>
                    <TrackedMethodRef uid="0" vc="60" />
                  </TrackedMethodRefs>
                </SequencePoint>
                <SequencePoint vc="60" uspid="3908" ordinal="0" offset="175" sl="41" sc="9" el="41" ec="9" bec="0" bev="0" fileid="9">
                  <TrackedMethodRefs>
                    <TrackedMethodRef uid="0" vc="60" />
                  </TrackedMethodRefs>
                </SequencePoint>
                <SequencePoint vc="66" uspid="3909" ordinal="0" offset="176" sl="29" sc="28" el="29" ec="28" bec="0" bev="0" fileid="9">
                  <TrackedMethodRefs>
                    <TrackedMethodRef uid="0" vc="66" />
                  </TrackedMethodRefs>
                </SequencePoint>
                <SequencePoint vc="6" uspid="3910" ordinal="0" offset="202" sl="43" sc="9" el="43" ec="9" bec="0" bev="0" fileid="9">
                  <TrackedMethodRefs>
                    <TrackedMethodRef uid="0" vc="6" />
                  </TrackedMethodRefs>
                </SequencePoint>
                <SequencePoint vc="0" uspid="3911" ordinal="0" offset="217" sl="44" sc="9" el="44" ec="9" bec="0" bev="0" fileid="9">
                  <TrackedMethodRefs>
                    <TrackedMethodRef uid="0" vc="0" />
                  </TrackedMethodRefs>
                </SequencePoint>
                <SequencePoint vc="0" uspid="3912" ordinal="0" offset="218" sl="45" sc="13" el="45" ec="13" bec="0" bev="0" fileid="9">
                  <TrackedMethodRefs>
                    <TrackedMethodRef uid="0" vc="0" />
                  </TrackedMethodRefs>
                </SequencePoint>
                <SequencePoint vc="0" uspid="3913" ordinal="0" offset="229" sl="46" sc="13" el="46" ec="13" bec="0" bev="0" fileid="9">
                  <TrackedMethodRefs>
                    <TrackedMethodRef uid="0" vc="0" />
                  </TrackedMethodRefs>
                </SequencePoint>
                <SequencePoint vc="6" uspid="3914" ordinal="0" offset="247" sl="49" sc="9" el="49" ec="9" bec="0" bev="0" fileid="9">
                  <TrackedMethodRefs>
                    <TrackedMethodRef uid="0" vc="6" />
                  </TrackedMethodRefs>
                </SequencePoint>
                <SequencePoint vc="6" uspid="3915" ordinal="0" offset="253" sl="50" sc="9" el="50" ec="9" bec="0" bev="0" fileid="9">
                  <TrackedMethodRefs>
                    <TrackedMethodRef uid="0" vc="6" />
                  </TrackedMethodRefs>
                </SequencePoint>
                <SequencePoint vc="6" uspid="3916" ordinal="0" offset="259" sl="52" sc="9" el="52" ec="9" bec="0" bev="0" fileid="9">
                  <TrackedMethodRefs>
                    <TrackedMethodRef uid="0" vc="6" />
                  </TrackedMethodRefs>
                </SequencePoint>
                <SequencePoint vc="6" uspid="3917" ordinal="0" offset="260" sl="52" sc="34" el="52" ec="34" bec="0" bev="0" fileid="9">
                  <TrackedMethodRefs>
                    <TrackedMethodRef uid="0" vc="6" />
                  </TrackedMethodRefs>
                </SequencePoint>
                <SequencePoint vc="21" uspid="3918" ordinal="0" offset="275" sl="52" sc="18" el="52" ec="18" bec="0" bev="0" fileid="9">
                  <TrackedMethodRefs>
                    <TrackedMethodRef uid="0" vc="21" />
                  </TrackedMethodRefs>
                </SequencePoint>
                <SequencePoint vc="21" uspid="3919" ordinal="0" offset="284" sl="53" sc="9" el="53" ec="9" bec="0" bev="0" fileid="9">
                  <TrackedMethodRefs>
                    <TrackedMethodRef uid="0" vc="21" />
                  </TrackedMethodRefs>
                </SequencePoint>
                <SequencePoint vc="21" uspid="3920" ordinal="0" offset="285" sl="54" sc="13" el="54" ec="13" bec="0" bev="0" fileid="9">
                  <TrackedMethodRefs>
                    <TrackedMethodRef uid="0" vc="21" />
                  </TrackedMethodRefs>
                </SequencePoint>
                <SequencePoint vc="21" uspid="3921" ordinal="0" offset="316" sl="56" sc="13" el="56" ec="13" bec="0" bev="0" fileid="9">
                  <TrackedMethodRefs>
                    <TrackedMethodRef uid="0" vc="21" />
                  </TrackedMethodRefs>
                </SequencePoint>
                <SequencePoint vc="3" uspid="3922" ordinal="0" offset="330" sl="57" sc="17" el="57" ec="17" bec="0" bev="0" fileid="9">
                  <TrackedMethodRefs>
                    <TrackedMethodRef uid="0" vc="3" />
                  </TrackedMethodRefs>
                </SequencePoint>
                <SequencePoint vc="18" uspid="3923" ordinal="0" offset="332" sl="59" sc="13" el="59" ec="13" bec="0" bev="0" fileid="9">
                  <TrackedMethodRefs>
                    <TrackedMethodRef uid="0" vc="18" />
                  </TrackedMethodRefs>
                </SequencePoint>
                <SequencePoint vc="18" uspid="3924" ordinal="0" offset="343" sl="61" sc="13" el="61" ec="13" bec="0" bev="0" fileid="9">
                  <TrackedMethodRefs>
                    <TrackedMethodRef uid="0" vc="18" />
                  </TrackedMethodRefs>
                </SequencePoint>
                <SequencePoint vc="6" uspid="3925" ordinal="0" offset="354" sl="62" sc="13" el="62" ec="13" bec="0" bev="0" fileid="9">
                  <TrackedMethodRefs>
                    <TrackedMethodRef uid="0" vc="6" />
                  </TrackedMethodRefs>
                </SequencePoint>
                <SequencePoint vc="6" uspid="3926" ordinal="0" offset="355" sl="63" sc="17" el="63" ec="17" bec="0" bev="0" fileid="9">
                  <TrackedMethodRefs>
                    <TrackedMethodRef uid="0" vc="6" />
                  </TrackedMethodRefs>
                </SequencePoint>
                <SequencePoint vc="6" uspid="3927" ordinal="0" offset="358" sl="64" sc="17" el="64" ec="17" bec="0" bev="0" fileid="9">
                  <TrackedMethodRefs>
                    <TrackedMethodRef uid="0" vc="6" />
                  </TrackedMethodRefs>
                </SequencePoint>
                <SequencePoint vc="6" uspid="3928" ordinal="0" offset="361" sl="65" sc="13" el="65" ec="13" bec="0" bev="0" fileid="9">
                  <TrackedMethodRefs>
                    <TrackedMethodRef uid="0" vc="6" />
                  </TrackedMethodRefs>
                </SequencePoint>
                <SequencePoint vc="18" uspid="3929" ordinal="0" offset="362" sl="66" sc="9" el="66" ec="9" bec="0" bev="0" fileid="9">
                  <TrackedMethodRefs>
                    <TrackedMethodRef uid="0" vc="18" />
                  </TrackedMethodRefs>
                </SequencePoint>
                <SequencePoint vc="27" uspid="3930" ordinal="0" offset="363" sl="52" sc="31" el="52" ec="31" bec="0" bev="0" fileid="9">
                  <TrackedMethodRefs>
                    <TrackedMethodRef uid="0" vc="27" />
                  </TrackedMethodRefs>
                </SequencePoint>
                <SequencePoint vc="6" uspid="3931" ordinal="0" offset="389" sl="69" sc="9" el="69" ec="9" bec="0" bev="0" fileid="9">
                  <TrackedMethodRefs>
                    <TrackedMethodRef uid="0" vc="6" />
                  </TrackedMethodRefs>
                </SequencePoint>
                <SequencePoint vc="0" uspid="3932" ordinal="0" offset="406" sl="70" sc="9" el="70" ec="9" bec="0" bev="0" fileid="9">
                  <TrackedMethodRefs>
                    <TrackedMethodRef uid="0" vc="0" />
                  </TrackedMethodRefs>
                </SequencePoint>
                <SequencePoint vc="0" uspid="3933" ordinal="0" offset="407" sl="71" sc="13" el="71" ec="13" bec="0" bev="0" fileid="9">
                  <TrackedMethodRefs>
                    <TrackedMethodRef uid="0" vc="0" />
                  </TrackedMethodRefs>
                </SequencePoint>
                <SequencePoint vc="0" uspid="3934" ordinal="0" offset="426" sl="72" sc="13" el="72" ec="13" bec="0" bev="0" fileid="9">
                  <TrackedMethodRefs>
                    <TrackedMethodRef uid="0" vc="0" />
                  </TrackedMethodRefs>
                </SequencePoint>
                <SequencePoint vc="6" uspid="3935" ordinal="0" offset="470" sl="75" sc="9" el="75" ec="9" bec="0" bev="0" fileid="9">
                  <TrackedMethodRefs>
                    <TrackedMethodRef uid="0" vc="6" />
                  </TrackedMethodRefs>
                </SequencePoint>
                <SequencePoint vc="6" uspid="3936" ordinal="0" offset="499" sl="77" sc="9" el="77" ec="9" bec="0" bev="0" fileid="9">
                  <TrackedMethodRefs>
                    <TrackedMethodRef uid="0" vc="6" />
                  </TrackedMethodRefs>
                </SequencePoint>
                <SequencePoint vc="6" uspid="3937" ordinal="0" offset="512" sl="78" sc="9" el="78" ec="9" bec="0" bev="0" fileid="9">
                  <TrackedMethodRefs>
                    <TrackedMethodRef uid="0" vc="6" />
                  </TrackedMethodRefs>
                </SequencePoint>
                <SequencePoint vc="0" uspid="3938" ordinal="0" offset="537" sl="79" sc="13" el="79" ec="13" bec="0" bev="0" fileid="9">
                  <TrackedMethodRefs>
                    <TrackedMethodRef uid="0" vc="0" />
                  </TrackedMethodRefs>
                </SequencePoint>
                <SequencePoint vc="6" uspid="3939" ordinal="0" offset="549" sl="81" sc="9" el="81" ec="9" bec="0" bev="0" fileid="9">
                  <TrackedMethodRefs>
                    <TrackedMethodRef uid="0" vc="6" />
                  </TrackedMethodRefs>
                </SequencePoint>
                <SequencePoint vc="19" uspid="3940" ordinal="0" offset="554" sl="82" sc="5" el="82" ec="5" bec="0" bev="0" fileid="9">
                  <TrackedMethodRefs>
                    <TrackedMethodRef uid="0" vc="19" />
                  </TrackedMethodRefs>
                </SequencePoint>
              </SequencePoints>
              <BranchPoints />
            </Method>
            <Method visited="true" cyclomaticComplexity="9" nPathComplexity="0" sequenceCoverage="94.12" branchCoverage="0" crapScore="9.02" isConstructor="false" isStatic="false" isGetter="false" isSetter="false">
              <Summary numSequencePoints="34" visitedSequencePoints="32" numBranchPoints="0" visitedBranchPoints="0" sequenceCoverage="94.12" branchCoverage="0" maxCyclomaticComplexity="9" minCyclomaticComplexity="9" maxCrapScore="9.02" minCrapScore="9.02" visitedClasses="0" numClasses="0" visitedMethods="1" numMethods="1" />
              <MetadataToken>100663359</MetadataToken>
              <Name>UnityEngine.Quaternion VRGuide::Turn()</Name>
              <FileRef uid="9" />
              <SequencePoints>
                <SequencePoint vc="19" uspid="3941" ordinal="0" offset="0" sl="87" sc="5" el="87" ec="5" bec="0" bev="0" fileid="9">
                  <TrackedMethodRefs>
                    <TrackedMethodRef uid="0" vc="19" />
                  </TrackedMethodRefs>
                </SequencePoint>
                <SequencePoint vc="19" uspid="3942" ordinal="0" offset="1" sl="88" sc="9" el="88" ec="9" bec="0" bev="0" fileid="9">
                  <TrackedMethodRefs>
                    <TrackedMethodRef uid="0" vc="19" />
                  </TrackedMethodRefs>
                </SequencePoint>
                <SequencePoint vc="7" uspid="3943" ordinal="0" offset="17" sl="89" sc="9" el="89" ec="9" bec="0" bev="0" fileid="9">
                  <TrackedMethodRefs>
                    <TrackedMethodRef uid="0" vc="7" />
                  </TrackedMethodRefs>
                </SequencePoint>
                <SequencePoint vc="7" uspid="3944" ordinal="0" offset="18" sl="90" sc="13" el="90" ec="13" bec="0" bev="0" fileid="9">
                  <TrackedMethodRefs>
                    <TrackedMethodRef uid="0" vc="7" />
                  </TrackedMethodRefs>
                </SequencePoint>
                <SequencePoint vc="7" uspid="3945" ordinal="0" offset="19" sl="90" sc="35" el="90" ec="35" bec="0" bev="0" fileid="9">
                  <TrackedMethodRefs>
                    <TrackedMethodRef uid="0" vc="7" />
                  </TrackedMethodRefs>
                </SequencePoint>
                <SequencePoint vc="70" uspid="3946" ordinal="0" offset="35" sl="90" sc="22" el="90" ec="22" bec="0" bev="0" fileid="9">
                  <TrackedMethodRefs>
                    <TrackedMethodRef uid="0" vc="70" />
                  </TrackedMethodRefs>
                </SequencePoint>
                <SequencePoint vc="70" uspid="3947" ordinal="0" offset="43" sl="91" sc="13" el="91" ec="13" bec="0" bev="0" fileid="9">
                  <TrackedMethodRefs>
                    <TrackedMethodRef uid="0" vc="70" />
                  </TrackedMethodRefs>
                </SequencePoint>
                <SequencePoint vc="70" uspid="3948" ordinal="0" offset="44" sl="92" sc="17" el="92" ec="17" bec="0" bev="0" fileid="9">
                  <TrackedMethodRefs>
                    <TrackedMethodRef uid="0" vc="70" />
                  </TrackedMethodRefs>
                </SequencePoint>
                <SequencePoint vc="70" uspid="3949" ordinal="0" offset="52" sl="94" sc="17" el="94" ec="17" bec="0" bev="0" fileid="9">
                  <TrackedMethodRefs>
                    <TrackedMethodRef uid="0" vc="70" />
                  </TrackedMethodRefs>
                </SequencePoint>
                <SequencePoint vc="0" uspid="3950" ordinal="0" offset="67" sl="95" sc="21" el="95" ec="21" bec="0" bev="0" fileid="9">
                  <TrackedMethodRefs>
                    <TrackedMethodRef uid="0" vc="0" />
                  </TrackedMethodRefs>
                </SequencePoint>
                <SequencePoint vc="70" uspid="3951" ordinal="0" offset="72" sl="97" sc="17" el="97" ec="17" bec="0" bev="0" fileid="9">
                  <TrackedMethodRefs>
                    <TrackedMethodRef uid="0" vc="70" />
                  </TrackedMethodRefs>
                </SequencePoint>
                <SequencePoint vc="70" uspid="3952" ordinal="0" offset="80" sl="98" sc="17" el="98" ec="17" bec="0" bev="0" fileid="9">
                  <TrackedMethodRefs>
                    <TrackedMethodRef uid="0" vc="70" />
                  </TrackedMethodRefs>
                </SequencePoint>
                <SequencePoint vc="70" uspid="3953" ordinal="0" offset="110" sl="99" sc="17" el="99" ec="17" bec="0" bev="0" fileid="9">
                  <TrackedMethodRefs>
                    <TrackedMethodRef uid="0" vc="70" />
                  </TrackedMethodRefs>
                </SequencePoint>
                <SequencePoint vc="70" uspid="3954" ordinal="0" offset="119" sl="101" sc="17" el="101" ec="17" bec="0" bev="0" fileid="9">
                  <TrackedMethodRefs>
                    <TrackedMethodRef uid="0" vc="70" />
                  </TrackedMethodRefs>
                </SequencePoint>
                <SequencePoint vc="69" uspid="3955" ordinal="0" offset="154" sl="102" sc="17" el="102" ec="17" bec="0" bev="0" fileid="9">
                  <TrackedMethodRefs>
                    <TrackedMethodRef uid="0" vc="69" />
                  </TrackedMethodRefs>
                </SequencePoint>
                <SequencePoint vc="69" uspid="3956" ordinal="0" offset="155" sl="103" sc="21" el="103" ec="21" bec="0" bev="0" fileid="9">
                  <TrackedMethodRefs>
                    <TrackedMethodRef uid="0" vc="69" />
                  </TrackedMethodRefs>
                </SequencePoint>
                <SequencePoint vc="69" uspid="3957" ordinal="0" offset="187" sl="104" sc="21" el="104" ec="21" bec="0" bev="0" fileid="9">
                  <TrackedMethodRefs>
                    <TrackedMethodRef uid="0" vc="69" />
                  </TrackedMethodRefs>
                </SequencePoint>
                <SequencePoint vc="69" uspid="3958" ordinal="0" offset="188" sl="105" sc="25" el="105" ec="25" bec="0" bev="0" fileid="9">
                  <TrackedMethodRefs>
                    <TrackedMethodRef uid="0" vc="69" />
                  </TrackedMethodRefs>
                </SequencePoint>
                <SequencePoint vc="21" uspid="3959" ordinal="0" offset="213" sl="106" sc="25" el="106" ec="25" bec="0" bev="0" fileid="9">
                  <TrackedMethodRefs>
                    <TrackedMethodRef uid="0" vc="21" />
                  </TrackedMethodRefs>
                </SequencePoint>
[...]
                </SequencePoint>
                <SequencePoint vc="0" uspid="6915" ordinal="0" offset="267" sl="84" sc="13" el="84" ec="13" bec="0" bev="0" fileid="28">
                  <TrackedMethodRefs>
                    <TrackedMethodRef uid="0" vc="0" />
                  </TrackedMethodRefs>
                </SequencePoint>
                <SequencePoint vc="0" uspid="6916" ordinal="0" offset="316" sl="85" sc="13" el="85" ec="13" bec="0" bev="0" fileid="28">
                  <TrackedMethodRefs>
                    <TrackedMethodRef uid="0" vc="0" />
                  </TrackedMethodRefs>
                </SequencePoint>
                <SequencePoint vc="0" uspid="6917" ordinal="0" offset="348" sl="87" sc="13" el="87" ec="13" bec="0" bev="0" fileid="28">
                  <TrackedMethodRefs>
                    <TrackedMethodRef uid="0" vc="0" />
                  </TrackedMethodRefs>
                </SequencePoint>
                <SequencePoint vc="0" uspid="6918" ordinal="0" offset="366" sl="88" sc="13" el="88" ec="13" bec="0" bev="0" fileid="28">
                  <TrackedMethodRefs>
                    <TrackedMethodRef uid="0" vc="0" />
                  </TrackedMethodRefs>
                </SequencePoint>
                <SequencePoint vc="0" uspid="6919" ordinal="0" offset="367" sl="89" sc="17" el="89" ec="17" bec="0" bev="0" fileid="28">
                  <TrackedMethodRefs>
                    <TrackedMethodRef uid="0" vc="0" />
                  </TrackedMethodRefs>
                </SequencePoint>
                <SequencePoint vc="0" uspid="6920" ordinal="0" offset="399" sl="90" sc="17" el="90" ec="17" bec="0" bev="0" fileid="28">
                  <TrackedMethodRefs>
                    <TrackedMethodRef uid="0" vc="0" />
                  </TrackedMethodRefs>
                </SequencePoint>
                <SequencePoint vc="0" uspid="6921" ordinal="0" offset="411" sl="91" sc="17" el="91" ec="17" bec="0" bev="0" fileid="28">
                  <TrackedMethodRefs>
                    <TrackedMethodRef uid="0" vc="0" />
                  </TrackedMethodRefs>
                </SequencePoint>
                <SequencePoint vc="0" uspid="6922" ordinal="0" offset="427" sl="92" sc="17" el="92" ec="17" bec="0" bev="0" fileid="28">
                  <TrackedMethodRefs>
                    <TrackedMethodRef uid="0" vc="0" />
                  </TrackedMethodRefs>
                </SequencePoint>
                <SequencePoint vc="0" uspid="6923" ordinal="0" offset="459" sl="93" sc="17" el="93" ec="17" bec="0" bev="0" fileid="28">
                  <TrackedMethodRefs>
                    <TrackedMethodRef uid="0" vc="0" />
                  </TrackedMethodRefs>
                </SequencePoint>
                <SequencePoint vc="0" uspid="6924" ordinal="0" offset="461" sl="97" sc="13" el="97" ec="13" bec="0" bev="0" fileid="28">
                  <TrackedMethodRefs>
                    <TrackedMethodRef uid="0" vc="0" />
                  </TrackedMethodRefs>
                </SequencePoint>
                <SequencePoint vc="0" uspid="6925" ordinal="0" offset="473" sl="98" sc="13" el="98" ec="13" bec="0" bev="0" fileid="28">
                  <TrackedMethodRefs>
                    <TrackedMethodRef uid="0" vc="0" />
                  </TrackedMethodRefs>
                </SequencePoint>
                <SequencePoint vc="0" uspid="6926" ordinal="0" offset="480" sl="99" sc="9" el="99" ec="9" bec="0" bev="0" fileid="28">
                  <TrackedMethodRefs>
                    <TrackedMethodRef uid="0" vc="0" />
                  </TrackedMethodRefs>
                </SequencePoint>
                <SequencePoint vc="4" uspid="6927" ordinal="0" offset="481" sl="68" sc="9" el="68" ec="9" bec="0" bev="0" fileid="28">
                  <TrackedMethodRefs>
                    <TrackedMethodRef uid="0" vc="4" />
                  </TrackedMethodRefs>
                </SequencePoint>
                <SequencePoint vc="1" uspid="6928" ordinal="0" offset="511" sl="101" sc="9" el="101" ec="9" bec="0" bev="0" fileid="28">
                  <TrackedMethodRefs>
                    <TrackedMethodRef uid="0" vc="1" />
                  </TrackedMethodRefs>
                </SequencePoint>
                <SequencePoint vc="1" uspid="6929" ordinal="0" offset="526" sl="102" sc="9" el="102" ec="9" bec="0" bev="0" fileid="28">
                  <TrackedMethodRefs>
                    <TrackedMethodRef uid="0" vc="1" />
                  </TrackedMethodRefs>
                </SequencePoint>
                <SequencePoint vc="1" uspid="6930" ordinal="0" offset="527" sl="103" sc="14" el="103" ec="14" bec="0" bev="0" fileid="28">
                  <TrackedMethodRefs>
                    <TrackedMethodRef uid="0" vc="1" />
                  </TrackedMethodRefs>
                </SequencePoint>
                <SequencePoint vc="1" uspid="6931" ordinal="0" offset="560" sl="104" sc="14" el="104" ec="14" bec="0" bev="0" fileid="28">
                  <TrackedMethodRefs>
                    <TrackedMethodRef uid="0" vc="1" />
                  </TrackedMethodRefs>
                </SequencePoint>
                <SequencePoint vc="1" uspid="6932" ordinal="0" offset="572" sl="105" sc="9" el="105" ec="9" bec="0" bev="0" fileid="28">
                  <TrackedMethodRefs>
                    <TrackedMethodRef uid="0" vc="1" />
                  </TrackedMethodRefs>
                </SequencePoint>
                <SequencePoint vc="1" uspid="6933" ordinal="0" offset="573" sl="107" sc="9" el="107" ec="9" bec="0" bev="0" fileid="28">
                  <TrackedMethodRefs>
                    <TrackedMethodRef uid="0" vc="1" />
                  </TrackedMethodRefs>
                </SequencePoint>
                <SequencePoint vc="1" uspid="6934" ordinal="0" offset="585" sl="108" sc="5" el="108" ec="5" bec="0" bev="0" fileid="28">
                  <TrackedMethodRefs>
                    <TrackedMethodRef uid="0" vc="1" />
                  </TrackedMethodRefs>
                </SequencePoint>
              </SequencePoints>
              <BranchPoints />
            </Method>
          </Methods>
        </Class>
        <Class>
          <Summary numSequencePoints="6" visitedSequencePoints="6" numBranchPoints="0" visitedBranchPoints="0" sequenceCoverage="100.0" branchCoverage="0.0" maxCyclomaticComplexity="3" minCyclomaticComplexity="3" maxCrapScore="3" minCrapScore="3" visitedClasses="1" numClasses="1" visitedMethods="1" numMethods="1" />
          <FullName>ChildBahaviorSpace.ChildBehavior/&lt;ExecuteAction&gt;d__3</FullName>
          <Methods>
            <Method visited="true" cyclomaticComplexity="3" nPathComplexity="0" sequenceCoverage="100.0" branchCoverage="0" crapScore="3" isConstructor="false" isStatic="false" isGetter="false" isSetter="false">
              <Summary numSequencePoints="6" visitedSequencePoints="6" numBranchPoints="0" visitedBranchPoints="0" sequenceCoverage="100.0" branchCoverage="0" maxCyclomaticComplexity="3" minCyclomaticComplexity="3" maxCrapScore="3" minCrapScore="3" visitedClasses="0" numClasses="0" visitedMethods="1" numMethods="1" />
              <MetadataToken>100663929</MetadataToken>
              <Name>System.Boolean ChildBahaviorSpace.ChildBehavior/&lt;ExecuteAction&gt;d__3::MoveNext()</Name>
              <FileRef uid="46" />
              <SequencePoints>
                <SequencePoint vc="7" uspid="6991" ordinal="0" offset="31" sl="50" sc="9" el="50" ec="9" bec="0" bev="0" fileid="46">
                  <TrackedMethodRefs>
                    <TrackedMethodRef uid="0" vc="7" />
                  </TrackedMethodRefs>
                </SequencePoint>
                <SequencePoint vc="7" uspid="6992" ordinal="0" offset="32" sl="51" sc="13" el="51" ec="13" bec="0" bev="0" fileid="46">
                  <TrackedMethodRefs>
                    <TrackedMethodRef uid="0" vc="7" />
                  </TrackedMethodRefs>
                </SequencePoint>
                <SequencePoint vc="7" uspid="6993" ordinal="0" offset="69" sl="54" sc="13" el="54" ec="13" bec="0" bev="0" fileid="46">
                  <TrackedMethodRefs>
                    <TrackedMethodRef uid="0" vc="7" />
                  </TrackedMethodRefs>
                </SequencePoint>
                <SequencePoint vc="7" uspid="6994" ordinal="0" offset="107" sl="56" sc="13" el="56" ec="13" bec="0" bev="0" fileid="46">
                  <TrackedMethodRefs>
                    <TrackedMethodRef uid="0" vc="7" />
                  </TrackedMethodRefs>
                </SequencePoint>
                <SequencePoint vc="7" uspid="6995" ordinal="0" offset="144" sl="59" sc="13" el="59" ec="13" bec="0" bev="0" fileid="46">
                  <TrackedMethodRefs>
                    <TrackedMethodRef uid="0" vc="7" />
                  </TrackedMethodRefs>
                </SequencePoint>
                <SequencePoint vc="7" uspid="6996" ordinal="0" offset="161" sl="60" sc="9" el="60" ec="9" bec="0" bev="0" fileid="46">
                  <TrackedMethodRefs>
                    <TrackedMethodRef uid="0" vc="7" />
                  </TrackedMethodRefs>
                </SequencePoint>
              </SequencePoints>
              <BranchPoints />
            </Method>
          </Methods>
        </Class>
        <Class>
          <Summary numSequencePoints="4" visitedSequencePoints="4" numBranchPoints="0" visitedBranchPoints="0" sequenceCoverage="100.0" branchCoverage="0.0" maxCyclomaticComplexity="3" minCyclomaticComplexity="3" maxCrapScore="3" minCrapScore="3" visitedClasses="1" numClasses="1" visitedMethods="1" numMethods="1" />
          <FullName>SizeSceneSpace.SizeScene/&lt;CalculateSceneBoundsDeferred&gt;d__10</FullName>
          <Methods>
            <Method visited="true" cyclomaticComplexity="3" nPathComplexity="0" sequenceCoverage="100.0" branchCoverage="0" crapScore="3" isConstructor="false" isStatic="false" isGetter="false" isSetter="false">
              <Summary numSequencePoints="4" visitedSequencePoints="4" numBranchPoints="0" visitedBranchPoints="0" sequenceCoverage="100.0" branchCoverage="0" maxCyclomaticComplexity="3" minCyclomaticComplexity="3" maxCrapScore="3" minCrapScore="3" visitedClasses="0" numClasses="0" visitedMethods="1" numMethods="1" />
              <MetadataToken>100663935</MetadataToken>
              <Name>System.Boolean SizeSceneSpace.SizeScene/&lt;CalculateSceneBoundsDeferred&gt;d__10::MoveNext()</Name>
              <FileRef uid="48" />
              <SequencePoints>
                <SequencePoint vc="1" uspid="6997" ordinal="0" offset="31" sl="71" sc="9" el="71" ec="9" bec="0" bev="0" fileid="48">
                  <TrackedMethodRefs>
                    <TrackedMethodRef uid="0" vc="1" />
                  </TrackedMethodRefs>
                </SequencePoint>
                <SequencePoint vc="1" uspid="6998" ordinal="0" offset="32" sl="72" sc="13" el="72" ec="13" bec="0" bev="0" fileid="48">
                  <TrackedMethodRefs>
                    <TrackedMethodRef uid="0" vc="1" />
                  </TrackedMethodRefs>
                </SequencePoint>
                <SequencePoint vc="1" uspid="6999" ordinal="0" offset="59" sl="73" sc="13" el="73" ec="13" bec="0" bev="0" fileid="48">
                  <TrackedMethodRefs>
                    <TrackedMethodRef uid="0" vc="1" />
                  </TrackedMethodRefs>
                </SequencePoint>
                <SequencePoint vc="1" uspid="7000" ordinal="0" offset="71" sl="74" sc="9" el="74" ec="9" bec="0" bev="0" fileid="48">
                  <TrackedMethodRefs>
                    <TrackedMethodRef uid="0" vc="1" />
                  </TrackedMethodRefs>
                </SequencePoint>
              </SequencePoints>
              <BranchPoints />
            </Method>
          </Methods>
        </Class>
        <Class>
          <Summary numSequencePoints="5" visitedSequencePoints="5" numBranchPoints="0" visitedBranchPoints="0" sequenceCoverage="100.0" branchCoverage="0.0" maxCyclomaticComplexity="5" minCyclomaticComplexity="5" maxCrapScore="5" minCrapScore="5" visitedClasses="1" numClasses="1" visitedMethods="1" numMethods="1" />
          <FullName>SizeSceneSpace.SizeScene/&lt;SetupAndTeleport&gt;d__9</FullName>
          <Methods>
            <Method visited="true" cyclomaticComplexity="5" nPathComplexity="0" sequenceCoverage="100.0" branchCoverage="0" crapScore="5" isConstructor="false" isStatic="false" isGetter="false" isSetter="false">
              <Summary numSequencePoints="5" visitedSequencePoints="5" numBranchPoints="0" visitedBranchPoints="0" sequenceCoverage="100.0" branchCoverage="0" maxCyclomaticComplexity="5" minCyclomaticComplexity="5" maxCrapScore="5" minCrapScore="5" visitedClasses="0" numClasses="0" visitedMethods="1" numMethods="1" />
              <MetadataToken>100663941</MetadataToken>
              <Name>System.Boolean SizeSceneSpace.SizeScene/&lt;SetupAndTeleport&gt;d__9::MoveNext()</Name>
              <FileRef uid="48" />
              <SequencePoints>
                <SequencePoint vc="1" uspid="7001" ordinal="0" offset="42" sl="55" sc="9" el="55" ec="9" bec="0" bev="0" fileid="48">
                  <TrackedMethodRefs>
                    <TrackedMethodRef uid="0" vc="1" />
                  </TrackedMethodRefs>
                </SequencePoint>
                <SequencePoint vc="1" uspid="7002" ordinal="0" offset="43" sl="56" sc="13" el="56" ec="13" bec="0" bev="0" fileid="48">
                  <TrackedMethodRefs>
                    <TrackedMethodRef uid="0" vc="1" />
                  </TrackedMethodRefs>
                </SequencePoint>
                <SequencePoint vc="1" uspid="7003" ordinal="0" offset="87" sl="58" sc="13" el="58" ec="13" bec="0" bev="0" fileid="48">
                  <TrackedMethodRefs>
                    <TrackedMethodRef uid="0" vc="1" />
                  </TrackedMethodRefs>
                </SequencePoint>
                <SequencePoint vc="1" uspid="7004" ordinal="0" offset="131" sl="61" sc="13" el="61" ec="13" bec="0" bev="0" fileid="48">
                  <TrackedMethodRefs>
                    <TrackedMethodRef uid="0" vc="1" />
                  </TrackedMethodRefs>
                </SequencePoint>
                <SequencePoint vc="1" uspid="7005" ordinal="0" offset="143" sl="62" sc="9" el="62" ec="9" bec="0" bev="0" fileid="48">
                  <TrackedMethodRefs>
                    <TrackedMethodRef uid="0" vc="1" />
                  </TrackedMethodRefs>
                </SequencePoint>
              </SequencePoints>
              <BranchPoints />
            </Method>
          </Methods>
        </Class>
        <Class>
          <Summary numSequencePoints="11" visitedSequencePoints="11" numBranchPoints="0" visitedBranchPoints="0" sequenceCoverage="100.0" branchCoverage="0.0" maxCyclomaticComplexity="4" minCyclomaticComplexity="4" maxCrapScore="4" minCrapScore="4" visitedClasses="1" numClasses="1" visitedMethods="1" numMethods="1" />
          <FullName>SizeSceneSpace.SizeScene/&lt;TeleportOutOfBounds&gt;d__12</FullName>
          <Methods>
            <Method visited="true" cyclomaticComplexity="4" nPathComplexity="0" sequenceCoverage="100.0" branchCoverage="0" crapScore="4" isConstructor="false" isStatic="false" isGetter="false" isSetter="false">
              <Summary numSequencePoints="11" visitedSequencePoints="11" numBranchPoints="0" visitedBranchPoints="0" sequenceCoverage="100.0" branchCoverage="0" maxCyclomaticComplexity="4" minCyclomaticComplexity="4" maxCrapScore="4" minCrapScore="4" visitedClasses="0" numClasses="0" visitedMethods="1" numMethods="1" />
              <MetadataToken>100663947</MetadataToken>
              <Name>System.Boolean SizeSceneSpace.SizeScene/&lt;TeleportOutOfBounds&gt;d__12::MoveNext()</Name>
              <FileRef uid="48" />
              <SequencePoints>
                <SequencePoint vc="1" uspid="7006" ordinal="0" offset="31" sl="99" sc="9" el="99" ec="9" bec="0" bev="0" fileid="48">
                  <TrackedMethodRefs>
                    <TrackedMethodRef uid="0" vc="1" />
                  </TrackedMethodRefs>
                </SequencePoint>
                <SequencePoint vc="1" uspid="7007" ordinal="0" offset="32" sl="100" sc="18" el="100" ec="18" bec="0" bev="0" fileid="48">
                  <TrackedMethodRefs>
                    <TrackedMethodRef uid="0" vc="1" />
                  </TrackedMethodRefs>
                </SequencePoint>
                <SequencePoint vc="15" uspid="7008" ordinal="0" offset="41" sl="101" sc="13" el="101" ec="13" bec="0" bev="0" fileid="48">
                  <TrackedMethodRefs>
                    <TrackedMethodRef uid="0" vc="15" />
                  </TrackedMethodRefs>
                </SequencePoint>
                <SequencePoint vc="15" uspid="7009" ordinal="0" offset="42" sl="102" sc="17" el="102" ec="17" bec="0" bev="0" fileid="48">
                  <TrackedMethodRefs>
                    <TrackedMethodRef uid="0" vc="15" />
                  </TrackedMethodRefs>
                </SequencePoint>
                <SequencePoint vc="15" uspid="7010" ordinal="0" offset="59" sl="103" sc="17" el="103" ec="17" bec="0" bev="0" fileid="48">
                  <TrackedMethodRefs>
                    <TrackedMethodRef uid="0" vc="15" />
                  </TrackedMethodRefs>
                </SequencePoint>
                <SequencePoint vc="15" uspid="7011" ordinal="0" offset="77" sl="104" sc="17" el="104" ec="17" bec="0" bev="0" fileid="48">
                  <TrackedMethodRefs>
                    <TrackedMethodRef uid="0" vc="15" />
                  </TrackedMethodRefs>
                </SequencePoint>
                <SequencePoint vc="15" uspid="7012" ordinal="0" offset="95" sl="106" sc="17" el="106" ec="17" bec="0" bev="0" fileid="48">
                  <TrackedMethodRefs>
                    <TrackedMethodRef uid="0" vc="15" />
                  </TrackedMethodRefs>
                </SequencePoint>
                <SequencePoint vc="15" uspid="7013" ordinal="0" offset="133" sl="107" sc="13" el="107" ec="13" bec="0" bev="0" fileid="48">
                  <TrackedMethodRefs>
                    <TrackedMethodRef uid="0" vc="15" />
                  </TrackedMethodRefs>
                </SequencePoint>
                <SequencePoint vc="15" uspid="7014" ordinal="0" offset="146" sl="100" sc="48" el="100" ec="48" bec="0" bev="0" fileid="48">
                  <TrackedMethodRefs>
                    <TrackedMethodRef uid="0" vc="15" />
                  </TrackedMethodRefs>
                </SequencePoint>
                <SequencePoint vc="16" uspid="7015" ordinal="0" offset="162" sl="100" sc="29" el="100" ec="29" bec="0" bev="0" fileid="48">
                  <TrackedMethodRefs>
                    <TrackedMethodRef uid="0" vc="16" />
                  </TrackedMethodRefs>
                </SequencePoint>
                <SequencePoint vc="1" uspid="7016" ordinal="0" offset="188" sl="108" sc="9" el="108" ec="9" bec="0" bev="0" fileid="48">
                  <TrackedMethodRefs>
                    <TrackedMethodRef uid="0" vc="1" />
                  </TrackedMethodRefs>
                </SequencePoint>
              </SequencePoints>
              <BranchPoints />
            </Method>
          </Methods>
        </Class>
      </Classes>
      <TrackedMethods>
        <TrackedMethod uid="0" token="100663297" name="System.Collections.IEnumerator LaunchTest::LaunchTestWithEnumeratorPasses()" strategy="Test" />
      </TrackedMethods>
    </Module>
  </Modules>
</CoverageSession>